[2023-04-26 11:11:18,001] {taskinstance.py:1159} INFO - Dependencies all met for <TaskInstance: slack_integration.slack_integration scheduled__2023-04-25T00:00:00+00:00 [queued]>
[2023-04-26 11:11:18,007] {taskinstance.py:1159} INFO - Dependencies all met for <TaskInstance: slack_integration.slack_integration scheduled__2023-04-25T00:00:00+00:00 [queued]>
[2023-04-26 11:11:18,008] {taskinstance.py:1356} INFO - 
--------------------------------------------------------------------------------
[2023-04-26 11:11:18,008] {taskinstance.py:1357} INFO - Starting attempt 1 of 2
[2023-04-26 11:11:18,009] {taskinstance.py:1358} INFO - 
--------------------------------------------------------------------------------
[2023-04-26 11:11:18,015] {taskinstance.py:1377} INFO - Executing <Task(SlackWebhookOperator): slack_integration> on 2023-04-25 00:00:00+00:00
[2023-04-26 11:11:18,019] {standard_task_runner.py:52} INFO - Started process 90 to run task
[2023-04-26 11:11:18,022] {standard_task_runner.py:79} INFO - Running: ['***', 'tasks', 'run', 'slack_integration', 'slack_integration', 'scheduled__2023-04-25T00:00:00+00:00', '--job-id', '4', '--raw', '--subdir', 'DAGS_FOLDER/slack_integration.py', '--cfg-path', '/tmp/tmp7rgfg5nx', '--error-file', '/tmp/tmps_drxydd']
[2023-04-26 11:11:18,022] {standard_task_runner.py:80} INFO - Job 4: Subtask slack_integration
[2023-04-26 11:11:18,059] {task_command.py:370} INFO - Running <TaskInstance: slack_integration.slack_integration scheduled__2023-04-25T00:00:00+00:00 [running]> on host 7826e8ee46a4
[2023-04-26 11:11:18,104] {taskinstance.py:1571} INFO - Exporting the following env vars:
AIRFLOW_CTX_DAG_OWNER=***
AIRFLOW_CTX_DAG_ID=slack_integration
AIRFLOW_CTX_TASK_ID=slack_integration
AIRFLOW_CTX_EXECUTION_DATE=2023-04-25T00:00:00+00:00
AIRFLOW_CTX_TRY_NUMBER=1
AIRFLOW_CTX_DAG_RUN_ID=scheduled__2023-04-25T00:00:00+00:00
[2023-04-26 11:11:18,111] {base.py:68} INFO - Using connection ID 'slack' for task execution.
[2023-04-26 11:11:18,120] {base.py:68} INFO - Using connection ID 'slack' for task execution.
[2023-04-26 11:11:18,126] {http.py:129} INFO - Sending 'POST' to url: https://hooks.slack.com/services/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
[2023-04-26 11:11:18,643] {taskinstance.py:1400} INFO - Marking task as SUCCESS. dag_id=slack_integration, task_id=slack_integration, execution_date=20230425T000000, start_date=20230426T111118, end_date=20230426T111118
[2023-04-26 11:11:18,698] {local_task_job.py:156} INFO - Task exited with return code 0
[2023-04-26 11:11:18,732] {local_task_job.py:273} INFO - 0 downstream tasks scheduled from follow-on schedule check
