[2023-04-26 11:11:17,329] {taskinstance.py:1159} INFO - Dependencies all met for <TaskInstance: slack_integration.print_date scheduled__2023-04-25T00:00:00+00:00 [queued]>
[2023-04-26 11:11:17,335] {taskinstance.py:1159} INFO - Dependencies all met for <TaskInstance: slack_integration.print_date scheduled__2023-04-25T00:00:00+00:00 [queued]>
[2023-04-26 11:11:17,335] {taskinstance.py:1356} INFO - 
--------------------------------------------------------------------------------
[2023-04-26 11:11:17,336] {taskinstance.py:1357} INFO - Starting attempt 1 of 2
[2023-04-26 11:11:17,336] {taskinstance.py:1358} INFO - 
--------------------------------------------------------------------------------
[2023-04-26 11:11:17,343] {taskinstance.py:1377} INFO - Executing <Task(BashOperator): print_date> on 2023-04-25 00:00:00+00:00
[2023-04-26 11:11:17,346] {standard_task_runner.py:52} INFO - Started process 87 to run task
[2023-04-26 11:11:17,349] {standard_task_runner.py:79} INFO - Running: ['***', 'tasks', 'run', 'slack_integration', 'print_date', 'scheduled__2023-04-25T00:00:00+00:00', '--job-id', '3', '--raw', '--subdir', 'DAGS_FOLDER/slack_integration.py', '--cfg-path', '/tmp/tmph2o71j3e', '--error-file', '/tmp/tmpsp9swjtp']
[2023-04-26 11:11:17,350] {standard_task_runner.py:80} INFO - Job 3: Subtask print_date
[2023-04-26 11:11:17,388] {task_command.py:370} INFO - Running <TaskInstance: slack_integration.print_date scheduled__2023-04-25T00:00:00+00:00 [running]> on host 7826e8ee46a4
[2023-04-26 11:11:17,432] {taskinstance.py:1571} INFO - Exporting the following env vars:
AIRFLOW_CTX_DAG_OWNER=***
AIRFLOW_CTX_DAG_ID=slack_integration
AIRFLOW_CTX_TASK_ID=print_date
AIRFLOW_CTX_EXECUTION_DATE=2023-04-25T00:00:00+00:00
AIRFLOW_CTX_TRY_NUMBER=1
AIRFLOW_CTX_DAG_RUN_ID=scheduled__2023-04-25T00:00:00+00:00
[2023-04-26 11:11:17,434] {subprocess.py:62} INFO - Tmp dir root location: 
 /tmp
[2023-04-26 11:11:17,434] {subprocess.py:74} INFO - Running command: ['bash', '-c', 'date']
[2023-04-26 11:11:17,443] {subprocess.py:85} INFO - Output:
[2023-04-26 11:11:17,448] {subprocess.py:92} INFO - Wed Apr 26 11:11:17 UTC 2023
[2023-04-26 11:11:17,448] {subprocess.py:96} INFO - Command exited with return code 0
[2023-04-26 11:11:17,471] {taskinstance.py:1400} INFO - Marking task as SUCCESS. dag_id=slack_integration, task_id=print_date, execution_date=20230425T000000, start_date=20230426T111117, end_date=20230426T111117
[2023-04-26 11:11:17,522] {local_task_job.py:156} INFO - Task exited with return code 0
[2023-04-26 11:11:17,547] {local_task_job.py:273} INFO - 1 downstream tasks scheduled from follow-on schedule check
