[2023-04-26 11:11:21,315] {taskinstance.py:1159} INFO - Dependencies all met for <TaskInstance: slack_integration.slack_integration manual__2023-04-26T11:11:19.234852+00:00 [queued]>
[2023-04-26 11:11:21,321] {taskinstance.py:1159} INFO - Dependencies all met for <TaskInstance: slack_integration.slack_integration manual__2023-04-26T11:11:19.234852+00:00 [queued]>
[2023-04-26 11:11:21,321] {taskinstance.py:1356} INFO - 
--------------------------------------------------------------------------------
[2023-04-26 11:11:21,322] {taskinstance.py:1357} INFO - Starting attempt 1 of 2
[2023-04-26 11:11:21,322] {taskinstance.py:1358} INFO - 
--------------------------------------------------------------------------------
[2023-04-26 11:11:21,329] {taskinstance.py:1377} INFO - Executing <Task(SlackWebhookOperator): slack_integration> on 2023-04-26 11:11:19.234852+00:00
[2023-04-26 11:11:21,332] {standard_task_runner.py:52} INFO - Started process 95 to run task
[2023-04-26 11:11:21,335] {standard_task_runner.py:79} INFO - Running: ['***', 'tasks', 'run', 'slack_integration', 'slack_integration', 'manual__2023-04-26T11:11:19.234852+00:00', '--job-id', '6', '--raw', '--subdir', 'DAGS_FOLDER/slack_integration.py', '--cfg-path', '/tmp/tmp6l3w9nt5', '--error-file', '/tmp/tmpvivo_7h6']
[2023-04-26 11:11:21,336] {standard_task_runner.py:80} INFO - Job 6: Subtask slack_integration
[2023-04-26 11:11:21,374] {task_command.py:370} INFO - Running <TaskInstance: slack_integration.slack_integration manual__2023-04-26T11:11:19.234852+00:00 [running]> on host 7826e8ee46a4
[2023-04-26 11:11:21,419] {taskinstance.py:1571} INFO - Exporting the following env vars:
AIRFLOW_CTX_DAG_OWNER=***
AIRFLOW_CTX_DAG_ID=slack_integration
AIRFLOW_CTX_TASK_ID=slack_integration
AIRFLOW_CTX_EXECUTION_DATE=2023-04-26T11:11:19.234852+00:00
AIRFLOW_CTX_TRY_NUMBER=1
AIRFLOW_CTX_DAG_RUN_ID=manual__2023-04-26T11:11:19.234852+00:00
[2023-04-26 11:11:21,427] {base.py:68} INFO - Using connection ID 'slack' for task execution.
[2023-04-26 11:11:21,435] {base.py:68} INFO - Using connection ID 'slack' for task execution.
[2023-04-26 11:11:21,436] {http.py:129} INFO - Sending 'POST' to url: https://hooks.slack.com/services/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
[2023-04-26 11:11:21,819] {taskinstance.py:1400} INFO - Marking task as SUCCESS. dag_id=slack_integration, task_id=slack_integration, execution_date=20230426T111119, start_date=20230426T111121, end_date=20230426T111121
[2023-04-26 11:11:21,880] {local_task_job.py:156} INFO - Task exited with return code 0
[2023-04-26 11:11:21,919] {local_task_job.py:273} INFO - 0 downstream tasks scheduled from follow-on schedule check
