[2023-04-26 08:49:58,289] {processor.py:153} INFO - Started process (PID=5970) to work on /opt/airflow/dags/psql_operations.py
[2023-04-26 08:49:58,290] {processor.py:641} INFO - Processing file /opt/airflow/dags/psql_operations.py for tasks to queue
[2023-04-26 08:49:58,292] {logging_mixin.py:115} INFO - [2023-04-26 08:49:58,292] {dagbag.py:507} INFO - Filling up the DagBag from /opt/airflow/dags/psql_operations.py
[2023-04-26 08:49:58,473] {processor.py:651} INFO - DAG(s) dict_keys(['postgres_operator_dag']) retrieved from /opt/airflow/dags/psql_operations.py
[2023-04-26 08:49:58,516] {logging_mixin.py:115} INFO - [2023-04-26 08:49:58,516] {dag.py:2379} INFO - Sync 1 DAGs
[2023-04-26 08:49:58,532] {logging_mixin.py:115} INFO - [2023-04-26 08:49:58,532] {dag.py:2931} INFO - Setting next_dagrun for postgres_operator_dag to 2020-02-02T00:00:00+00:00, run_after=2020-02-02T00:00:00+00:00
[2023-04-26 08:49:58,543] {processor.py:161} INFO - Processing /opt/airflow/dags/psql_operations.py took 0.257 seconds
[2023-04-26 08:50:28,738] {processor.py:153} INFO - Started process (PID=5991) to work on /opt/airflow/dags/psql_operations.py
[2023-04-26 08:50:28,740] {processor.py:641} INFO - Processing file /opt/airflow/dags/psql_operations.py for tasks to queue
[2023-04-26 08:50:28,742] {logging_mixin.py:115} INFO - [2023-04-26 08:50:28,741] {dagbag.py:507} INFO - Filling up the DagBag from /opt/airflow/dags/psql_operations.py
[2023-04-26 08:50:28,864] {processor.py:651} INFO - DAG(s) dict_keys(['postgres_operator_dag']) retrieved from /opt/airflow/dags/psql_operations.py
[2023-04-26 08:50:28,877] {logging_mixin.py:115} INFO - [2023-04-26 08:50:28,877] {dag.py:2379} INFO - Sync 1 DAGs
[2023-04-26 08:50:28,888] {logging_mixin.py:115} INFO - [2023-04-26 08:50:28,888] {dag.py:2931} INFO - Setting next_dagrun for postgres_operator_dag to 2020-02-02T00:00:00+00:00, run_after=2020-02-02T00:00:00+00:00
[2023-04-26 08:50:28,893] {processor.py:161} INFO - Processing /opt/airflow/dags/psql_operations.py took 0.161 seconds
[2023-04-26 08:50:59,071] {processor.py:153} INFO - Started process (PID=6021) to work on /opt/airflow/dags/psql_operations.py
[2023-04-26 08:50:59,072] {processor.py:641} INFO - Processing file /opt/airflow/dags/psql_operations.py for tasks to queue
[2023-04-26 08:50:59,073] {logging_mixin.py:115} INFO - [2023-04-26 08:50:59,073] {dagbag.py:507} INFO - Filling up the DagBag from /opt/airflow/dags/psql_operations.py
[2023-04-26 08:50:59,212] {processor.py:651} INFO - DAG(s) dict_keys(['postgres_operator_dag']) retrieved from /opt/airflow/dags/psql_operations.py
[2023-04-26 08:50:59,227] {logging_mixin.py:115} INFO - [2023-04-26 08:50:59,227] {dag.py:2379} INFO - Sync 1 DAGs
[2023-04-26 08:50:59,239] {logging_mixin.py:115} INFO - [2023-04-26 08:50:59,239] {dag.py:2931} INFO - Setting next_dagrun for postgres_operator_dag to 2020-02-02T00:00:00+00:00, run_after=2020-02-02T00:00:00+00:00
[2023-04-26 08:50:59,246] {processor.py:161} INFO - Processing /opt/airflow/dags/psql_operations.py took 0.179 seconds
[2023-04-26 08:51:29,400] {processor.py:153} INFO - Started process (PID=6049) to work on /opt/airflow/dags/psql_operations.py
[2023-04-26 08:51:29,401] {processor.py:641} INFO - Processing file /opt/airflow/dags/psql_operations.py for tasks to queue
[2023-04-26 08:51:29,402] {logging_mixin.py:115} INFO - [2023-04-26 08:51:29,402] {dagbag.py:507} INFO - Filling up the DagBag from /opt/airflow/dags/psql_operations.py
[2023-04-26 08:51:29,541] {processor.py:651} INFO - DAG(s) dict_keys(['postgres_operator_dag']) retrieved from /opt/airflow/dags/psql_operations.py
[2023-04-26 08:51:29,555] {logging_mixin.py:115} INFO - [2023-04-26 08:51:29,555] {dag.py:2379} INFO - Sync 1 DAGs
[2023-04-26 08:51:29,566] {logging_mixin.py:115} INFO - [2023-04-26 08:51:29,566] {dag.py:2931} INFO - Setting next_dagrun for postgres_operator_dag to 2020-02-02T00:00:00+00:00, run_after=2020-02-02T00:00:00+00:00
[2023-04-26 08:51:29,580] {processor.py:161} INFO - Processing /opt/airflow/dags/psql_operations.py took 0.183 seconds
[2023-04-26 08:51:59,776] {processor.py:153} INFO - Started process (PID=6078) to work on /opt/airflow/dags/psql_operations.py
[2023-04-26 08:51:59,778] {processor.py:641} INFO - Processing file /opt/airflow/dags/psql_operations.py for tasks to queue
[2023-04-26 08:51:59,779] {logging_mixin.py:115} INFO - [2023-04-26 08:51:59,779] {dagbag.py:507} INFO - Filling up the DagBag from /opt/airflow/dags/psql_operations.py
[2023-04-26 08:51:59,902] {processor.py:651} INFO - DAG(s) dict_keys(['postgres_operator_dag']) retrieved from /opt/airflow/dags/psql_operations.py
[2023-04-26 08:51:59,916] {logging_mixin.py:115} INFO - [2023-04-26 08:51:59,916] {dag.py:2379} INFO - Sync 1 DAGs
[2023-04-26 08:51:59,927] {logging_mixin.py:115} INFO - [2023-04-26 08:51:59,927] {dag.py:2931} INFO - Setting next_dagrun for postgres_operator_dag to 2020-02-02T00:00:00+00:00, run_after=2020-02-02T00:00:00+00:00
[2023-04-26 08:51:59,933] {processor.py:161} INFO - Processing /opt/airflow/dags/psql_operations.py took 0.162 seconds
[2023-04-26 08:52:30,116] {processor.py:153} INFO - Started process (PID=6106) to work on /opt/airflow/dags/psql_operations.py
[2023-04-26 08:52:30,118] {processor.py:641} INFO - Processing file /opt/airflow/dags/psql_operations.py for tasks to queue
[2023-04-26 08:52:30,119] {logging_mixin.py:115} INFO - [2023-04-26 08:52:30,119] {dagbag.py:507} INFO - Filling up the DagBag from /opt/airflow/dags/psql_operations.py
[2023-04-26 08:52:30,233] {processor.py:651} INFO - DAG(s) dict_keys(['postgres_operator_dag']) retrieved from /opt/airflow/dags/psql_operations.py
[2023-04-26 08:52:30,245] {logging_mixin.py:115} INFO - [2023-04-26 08:52:30,245] {dag.py:2379} INFO - Sync 1 DAGs
[2023-04-26 08:52:30,255] {logging_mixin.py:115} INFO - [2023-04-26 08:52:30,255] {dag.py:2931} INFO - Setting next_dagrun for postgres_operator_dag to 2020-02-02T00:00:00+00:00, run_after=2020-02-02T00:00:00+00:00
[2023-04-26 08:52:30,260] {processor.py:161} INFO - Processing /opt/airflow/dags/psql_operations.py took 0.150 seconds
[2023-04-26 08:52:53,539] {processor.py:153} INFO - Started process (PID=6125) to work on /opt/airflow/dags/psql_operations.py
[2023-04-26 08:52:53,541] {processor.py:641} INFO - Processing file /opt/airflow/dags/psql_operations.py for tasks to queue
[2023-04-26 08:52:53,542] {logging_mixin.py:115} INFO - [2023-04-26 08:52:53,542] {dagbag.py:507} INFO - Filling up the DagBag from /opt/airflow/dags/psql_operations.py
[2023-04-26 08:52:53,566] {processor.py:651} INFO - DAG(s) dict_keys(['postgres_operator_dag']) retrieved from /opt/airflow/dags/psql_operations.py
[2023-04-26 08:52:53,591] {logging_mixin.py:115} INFO - [2023-04-26 08:52:53,591] {dag.py:2379} INFO - Sync 1 DAGs
[2023-04-26 08:52:53,606] {logging_mixin.py:115} INFO - [2023-04-26 08:52:53,606] {dag.py:2931} INFO - Setting next_dagrun for postgres_operator_dag to 2020-02-02T00:00:00+00:00, run_after=2020-02-02T00:00:00+00:00
[2023-04-26 08:52:53,613] {processor.py:161} INFO - Processing /opt/airflow/dags/psql_operations.py took 0.078 seconds
[2023-04-26 08:53:23,795] {processor.py:153} INFO - Started process (PID=6155) to work on /opt/airflow/dags/psql_operations.py
[2023-04-26 08:53:23,797] {processor.py:641} INFO - Processing file /opt/airflow/dags/psql_operations.py for tasks to queue
[2023-04-26 08:53:23,799] {logging_mixin.py:115} INFO - [2023-04-26 08:53:23,798] {dagbag.py:507} INFO - Filling up the DagBag from /opt/airflow/dags/psql_operations.py
[2023-04-26 08:53:23,820] {processor.py:651} INFO - DAG(s) dict_keys(['postgres_operator_dag']) retrieved from /opt/airflow/dags/psql_operations.py
[2023-04-26 08:53:23,841] {logging_mixin.py:115} INFO - [2023-04-26 08:53:23,841] {dag.py:2379} INFO - Sync 1 DAGs
[2023-04-26 08:53:23,854] {logging_mixin.py:115} INFO - [2023-04-26 08:53:23,854] {dag.py:2931} INFO - Setting next_dagrun for postgres_operator_dag to 2020-02-02T00:00:00+00:00, run_after=2020-02-02T00:00:00+00:00
[2023-04-26 08:53:23,859] {processor.py:161} INFO - Processing /opt/airflow/dags/psql_operations.py took 0.070 seconds
[2023-04-26 08:53:54,017] {processor.py:153} INFO - Started process (PID=6175) to work on /opt/airflow/dags/psql_operations.py
[2023-04-26 08:53:54,020] {processor.py:641} INFO - Processing file /opt/airflow/dags/psql_operations.py for tasks to queue
[2023-04-26 08:53:54,021] {logging_mixin.py:115} INFO - [2023-04-26 08:53:54,021] {dagbag.py:507} INFO - Filling up the DagBag from /opt/airflow/dags/psql_operations.py
[2023-04-26 08:53:54,044] {processor.py:651} INFO - DAG(s) dict_keys(['postgres_operator_dag']) retrieved from /opt/airflow/dags/psql_operations.py
[2023-04-26 08:53:54,067] {logging_mixin.py:115} INFO - [2023-04-26 08:53:54,067] {dag.py:2379} INFO - Sync 1 DAGs
[2023-04-26 08:53:54,080] {logging_mixin.py:115} INFO - [2023-04-26 08:53:54,080] {dag.py:2931} INFO - Setting next_dagrun for postgres_operator_dag to 2020-02-02T00:00:00+00:00, run_after=2020-02-02T00:00:00+00:00
[2023-04-26 08:53:54,086] {processor.py:161} INFO - Processing /opt/airflow/dags/psql_operations.py took 0.075 seconds
[2023-04-26 08:54:24,211] {processor.py:153} INFO - Started process (PID=6203) to work on /opt/airflow/dags/psql_operations.py
[2023-04-26 08:54:24,212] {processor.py:641} INFO - Processing file /opt/airflow/dags/psql_operations.py for tasks to queue
[2023-04-26 08:54:24,213] {logging_mixin.py:115} INFO - [2023-04-26 08:54:24,213] {dagbag.py:507} INFO - Filling up the DagBag from /opt/airflow/dags/psql_operations.py
[2023-04-26 08:54:24,228] {processor.py:651} INFO - DAG(s) dict_keys(['postgres_operator_dag']) retrieved from /opt/airflow/dags/psql_operations.py
[2023-04-26 08:54:24,246] {logging_mixin.py:115} INFO - [2023-04-26 08:54:24,246] {dag.py:2379} INFO - Sync 1 DAGs
[2023-04-26 08:54:24,259] {logging_mixin.py:115} INFO - [2023-04-26 08:54:24,259] {dag.py:2931} INFO - Setting next_dagrun for postgres_operator_dag to 2020-02-02T00:00:00+00:00, run_after=2020-02-02T00:00:00+00:00
[2023-04-26 08:54:24,265] {processor.py:161} INFO - Processing /opt/airflow/dags/psql_operations.py took 0.057 seconds
[2023-04-26 08:54:54,432] {processor.py:153} INFO - Started process (PID=6234) to work on /opt/airflow/dags/psql_operations.py
[2023-04-26 08:54:54,433] {processor.py:641} INFO - Processing file /opt/airflow/dags/psql_operations.py for tasks to queue
[2023-04-26 08:54:54,435] {logging_mixin.py:115} INFO - [2023-04-26 08:54:54,434] {dagbag.py:507} INFO - Filling up the DagBag from /opt/airflow/dags/psql_operations.py
[2023-04-26 08:54:54,454] {processor.py:651} INFO - DAG(s) dict_keys(['postgres_operator_dag']) retrieved from /opt/airflow/dags/psql_operations.py
[2023-04-26 08:54:54,476] {logging_mixin.py:115} INFO - [2023-04-26 08:54:54,476] {dag.py:2379} INFO - Sync 1 DAGs
[2023-04-26 08:54:54,490] {logging_mixin.py:115} INFO - [2023-04-26 08:54:54,490] {dag.py:2931} INFO - Setting next_dagrun for postgres_operator_dag to 2020-02-02T00:00:00+00:00, run_after=2020-02-02T00:00:00+00:00
[2023-04-26 08:54:54,495] {processor.py:161} INFO - Processing /opt/airflow/dags/psql_operations.py took 0.069 seconds
[2023-04-26 08:55:24,715] {processor.py:153} INFO - Started process (PID=6261) to work on /opt/airflow/dags/psql_operations.py
[2023-04-26 08:55:24,718] {processor.py:641} INFO - Processing file /opt/airflow/dags/psql_operations.py for tasks to queue
[2023-04-26 08:55:24,719] {logging_mixin.py:115} INFO - [2023-04-26 08:55:24,719] {dagbag.py:507} INFO - Filling up the DagBag from /opt/airflow/dags/psql_operations.py
[2023-04-26 08:55:24,742] {processor.py:651} INFO - DAG(s) dict_keys(['postgres_operator_dag']) retrieved from /opt/airflow/dags/psql_operations.py
[2023-04-26 08:55:24,766] {logging_mixin.py:115} INFO - [2023-04-26 08:55:24,766] {dag.py:2379} INFO - Sync 1 DAGs
[2023-04-26 08:55:24,780] {logging_mixin.py:115} INFO - [2023-04-26 08:55:24,780] {dag.py:2931} INFO - Setting next_dagrun for postgres_operator_dag to 2020-02-02T00:00:00+00:00, run_after=2020-02-02T00:00:00+00:00
[2023-04-26 08:55:24,786] {processor.py:161} INFO - Processing /opt/airflow/dags/psql_operations.py took 0.078 seconds
[2023-04-26 08:55:54,961] {processor.py:153} INFO - Started process (PID=6291) to work on /opt/airflow/dags/psql_operations.py
[2023-04-26 08:55:54,964] {processor.py:641} INFO - Processing file /opt/airflow/dags/psql_operations.py for tasks to queue
[2023-04-26 08:55:54,967] {logging_mixin.py:115} INFO - [2023-04-26 08:55:54,967] {dagbag.py:507} INFO - Filling up the DagBag from /opt/airflow/dags/psql_operations.py
[2023-04-26 08:55:54,991] {processor.py:651} INFO - DAG(s) dict_keys(['postgres_operator_dag']) retrieved from /opt/airflow/dags/psql_operations.py
[2023-04-26 08:55:55,018] {logging_mixin.py:115} INFO - [2023-04-26 08:55:55,018] {dag.py:2379} INFO - Sync 1 DAGs
[2023-04-26 08:55:55,035] {logging_mixin.py:115} INFO - [2023-04-26 08:55:55,035] {dag.py:2931} INFO - Setting next_dagrun for postgres_operator_dag to 2020-02-02T00:00:00+00:00, run_after=2020-02-02T00:00:00+00:00
[2023-04-26 08:55:55,041] {processor.py:161} INFO - Processing /opt/airflow/dags/psql_operations.py took 0.086 seconds
[2023-04-26 08:56:25,177] {processor.py:153} INFO - Started process (PID=6311) to work on /opt/airflow/dags/psql_operations.py
[2023-04-26 08:56:25,179] {processor.py:641} INFO - Processing file /opt/airflow/dags/psql_operations.py for tasks to queue
[2023-04-26 08:56:25,180] {logging_mixin.py:115} INFO - [2023-04-26 08:56:25,180] {dagbag.py:507} INFO - Filling up the DagBag from /opt/airflow/dags/psql_operations.py
[2023-04-26 08:56:25,197] {processor.py:651} INFO - DAG(s) dict_keys(['postgres_operator_dag']) retrieved from /opt/airflow/dags/psql_operations.py
[2023-04-26 08:56:25,219] {logging_mixin.py:115} INFO - [2023-04-26 08:56:25,219] {dag.py:2379} INFO - Sync 1 DAGs
[2023-04-26 08:56:25,234] {logging_mixin.py:115} INFO - [2023-04-26 08:56:25,234] {dag.py:2931} INFO - Setting next_dagrun for postgres_operator_dag to 2020-02-02T00:00:00+00:00, run_after=2020-02-02T00:00:00+00:00
[2023-04-26 08:56:25,240] {processor.py:161} INFO - Processing /opt/airflow/dags/psql_operations.py took 0.066 seconds
[2023-04-26 08:56:55,418] {processor.py:153} INFO - Started process (PID=6341) to work on /opt/airflow/dags/psql_operations.py
[2023-04-26 08:56:55,420] {processor.py:641} INFO - Processing file /opt/airflow/dags/psql_operations.py for tasks to queue
[2023-04-26 08:56:55,422] {logging_mixin.py:115} INFO - [2023-04-26 08:56:55,421] {dagbag.py:507} INFO - Filling up the DagBag from /opt/airflow/dags/psql_operations.py
[2023-04-26 08:56:55,439] {processor.py:651} INFO - DAG(s) dict_keys(['postgres_operator_dag']) retrieved from /opt/airflow/dags/psql_operations.py
[2023-04-26 08:56:55,462] {logging_mixin.py:115} INFO - [2023-04-26 08:56:55,462] {dag.py:2379} INFO - Sync 1 DAGs
[2023-04-26 08:56:55,478] {logging_mixin.py:115} INFO - [2023-04-26 08:56:55,478] {dag.py:2931} INFO - Setting next_dagrun for postgres_operator_dag to 2020-02-02T00:00:00+00:00, run_after=2020-02-02T00:00:00+00:00
[2023-04-26 08:56:55,485] {processor.py:161} INFO - Processing /opt/airflow/dags/psql_operations.py took 0.070 seconds
[2023-04-26 08:57:25,631] {processor.py:153} INFO - Started process (PID=6369) to work on /opt/airflow/dags/psql_operations.py
[2023-04-26 08:57:25,633] {processor.py:641} INFO - Processing file /opt/airflow/dags/psql_operations.py for tasks to queue
[2023-04-26 08:57:25,635] {logging_mixin.py:115} INFO - [2023-04-26 08:57:25,635] {dagbag.py:507} INFO - Filling up the DagBag from /opt/airflow/dags/psql_operations.py
[2023-04-26 08:57:25,657] {processor.py:651} INFO - DAG(s) dict_keys(['postgres_operator_dag']) retrieved from /opt/airflow/dags/psql_operations.py
[2023-04-26 08:57:25,682] {logging_mixin.py:115} INFO - [2023-04-26 08:57:25,682] {dag.py:2379} INFO - Sync 1 DAGs
[2023-04-26 08:57:25,697] {logging_mixin.py:115} INFO - [2023-04-26 08:57:25,697] {dag.py:2931} INFO - Setting next_dagrun for postgres_operator_dag to 2020-02-02T00:00:00+00:00, run_after=2020-02-02T00:00:00+00:00
[2023-04-26 08:57:25,702] {processor.py:161} INFO - Processing /opt/airflow/dags/psql_operations.py took 0.077 seconds
[2023-04-26 08:57:55,872] {processor.py:153} INFO - Started process (PID=6398) to work on /opt/airflow/dags/psql_operations.py
[2023-04-26 08:57:55,875] {processor.py:641} INFO - Processing file /opt/airflow/dags/psql_operations.py for tasks to queue
[2023-04-26 08:57:55,877] {logging_mixin.py:115} INFO - [2023-04-26 08:57:55,876] {dagbag.py:507} INFO - Filling up the DagBag from /opt/airflow/dags/psql_operations.py
[2023-04-26 08:57:55,897] {processor.py:651} INFO - DAG(s) dict_keys(['postgres_operator_dag']) retrieved from /opt/airflow/dags/psql_operations.py
[2023-04-26 08:57:55,919] {logging_mixin.py:115} INFO - [2023-04-26 08:57:55,919] {dag.py:2379} INFO - Sync 1 DAGs
[2023-04-26 08:57:55,932] {logging_mixin.py:115} INFO - [2023-04-26 08:57:55,932] {dag.py:2931} INFO - Setting next_dagrun for postgres_operator_dag to 2020-02-02T00:00:00+00:00, run_after=2020-02-02T00:00:00+00:00
[2023-04-26 08:57:55,937] {processor.py:161} INFO - Processing /opt/airflow/dags/psql_operations.py took 0.070 seconds
[2023-04-26 08:58:26,071] {processor.py:153} INFO - Started process (PID=6426) to work on /opt/airflow/dags/psql_operations.py
[2023-04-26 08:58:26,072] {processor.py:641} INFO - Processing file /opt/airflow/dags/psql_operations.py for tasks to queue
[2023-04-26 08:58:26,072] {logging_mixin.py:115} INFO - [2023-04-26 08:58:26,072] {dagbag.py:507} INFO - Filling up the DagBag from /opt/airflow/dags/psql_operations.py
[2023-04-26 08:58:26,086] {processor.py:651} INFO - DAG(s) dict_keys(['postgres_operator_dag']) retrieved from /opt/airflow/dags/psql_operations.py
[2023-04-26 08:58:26,104] {logging_mixin.py:115} INFO - [2023-04-26 08:58:26,104] {dag.py:2379} INFO - Sync 1 DAGs
[2023-04-26 08:58:26,117] {logging_mixin.py:115} INFO - [2023-04-26 08:58:26,117] {dag.py:2931} INFO - Setting next_dagrun for postgres_operator_dag to 2020-02-02T00:00:00+00:00, run_after=2020-02-02T00:00:00+00:00
[2023-04-26 08:58:26,122] {processor.py:161} INFO - Processing /opt/airflow/dags/psql_operations.py took 0.054 seconds
[2023-04-26 08:58:56,288] {processor.py:153} INFO - Started process (PID=6447) to work on /opt/airflow/dags/psql_operations.py
[2023-04-26 08:58:56,291] {processor.py:641} INFO - Processing file /opt/airflow/dags/psql_operations.py for tasks to queue
[2023-04-26 08:58:56,293] {logging_mixin.py:115} INFO - [2023-04-26 08:58:56,293] {dagbag.py:507} INFO - Filling up the DagBag from /opt/airflow/dags/psql_operations.py
[2023-04-26 08:58:56,317] {processor.py:651} INFO - DAG(s) dict_keys(['postgres_operator_dag']) retrieved from /opt/airflow/dags/psql_operations.py
[2023-04-26 08:58:56,341] {logging_mixin.py:115} INFO - [2023-04-26 08:58:56,341] {dag.py:2379} INFO - Sync 1 DAGs
[2023-04-26 08:58:56,355] {logging_mixin.py:115} INFO - [2023-04-26 08:58:56,355] {dag.py:2931} INFO - Setting next_dagrun for postgres_operator_dag to 2020-02-02T00:00:00+00:00, run_after=2020-02-02T00:00:00+00:00
[2023-04-26 08:58:56,362] {processor.py:161} INFO - Processing /opt/airflow/dags/psql_operations.py took 0.080 seconds
[2023-04-26 08:59:26,528] {processor.py:153} INFO - Started process (PID=6476) to work on /opt/airflow/dags/psql_operations.py
[2023-04-26 08:59:26,532] {processor.py:641} INFO - Processing file /opt/airflow/dags/psql_operations.py for tasks to queue
[2023-04-26 08:59:26,533] {logging_mixin.py:115} INFO - [2023-04-26 08:59:26,533] {dagbag.py:507} INFO - Filling up the DagBag from /opt/airflow/dags/psql_operations.py
[2023-04-26 08:59:26,558] {processor.py:651} INFO - DAG(s) dict_keys(['postgres_operator_dag']) retrieved from /opt/airflow/dags/psql_operations.py
[2023-04-26 08:59:26,586] {logging_mixin.py:115} INFO - [2023-04-26 08:59:26,586] {dag.py:2379} INFO - Sync 1 DAGs
[2023-04-26 08:59:26,603] {logging_mixin.py:115} INFO - [2023-04-26 08:59:26,603] {dag.py:2931} INFO - Setting next_dagrun for postgres_operator_dag to 2020-02-02T00:00:00+00:00, run_after=2020-02-02T00:00:00+00:00
[2023-04-26 08:59:26,609] {processor.py:161} INFO - Processing /opt/airflow/dags/psql_operations.py took 0.088 seconds
[2023-04-26 08:59:56,786] {processor.py:153} INFO - Started process (PID=6506) to work on /opt/airflow/dags/psql_operations.py
[2023-04-26 08:59:56,788] {processor.py:641} INFO - Processing file /opt/airflow/dags/psql_operations.py for tasks to queue
[2023-04-26 08:59:56,791] {logging_mixin.py:115} INFO - [2023-04-26 08:59:56,791] {dagbag.py:507} INFO - Filling up the DagBag from /opt/airflow/dags/psql_operations.py
[2023-04-26 08:59:56,813] {processor.py:651} INFO - DAG(s) dict_keys(['postgres_operator_dag']) retrieved from /opt/airflow/dags/psql_operations.py
[2023-04-26 08:59:56,837] {logging_mixin.py:115} INFO - [2023-04-26 08:59:56,837] {dag.py:2379} INFO - Sync 1 DAGs
[2023-04-26 08:59:56,851] {logging_mixin.py:115} INFO - [2023-04-26 08:59:56,851] {dag.py:2931} INFO - Setting next_dagrun for postgres_operator_dag to 2020-02-02T00:00:00+00:00, run_after=2020-02-02T00:00:00+00:00
[2023-04-26 08:59:56,858] {processor.py:161} INFO - Processing /opt/airflow/dags/psql_operations.py took 0.077 seconds
[2023-04-26 09:00:27,056] {processor.py:153} INFO - Started process (PID=6534) to work on /opt/airflow/dags/psql_operations.py
[2023-04-26 09:00:27,060] {processor.py:641} INFO - Processing file /opt/airflow/dags/psql_operations.py for tasks to queue
[2023-04-26 09:00:27,061] {logging_mixin.py:115} INFO - [2023-04-26 09:00:27,061] {dagbag.py:507} INFO - Filling up the DagBag from /opt/airflow/dags/psql_operations.py
[2023-04-26 09:00:27,080] {processor.py:651} INFO - DAG(s) dict_keys(['postgres_operator_dag']) retrieved from /opt/airflow/dags/psql_operations.py
[2023-04-26 09:00:27,103] {logging_mixin.py:115} INFO - [2023-04-26 09:00:27,103] {dag.py:2379} INFO - Sync 1 DAGs
[2023-04-26 09:00:27,117] {logging_mixin.py:115} INFO - [2023-04-26 09:00:27,117] {dag.py:2931} INFO - Setting next_dagrun for postgres_operator_dag to 2020-02-02T00:00:00+00:00, run_after=2020-02-02T00:00:00+00:00
[2023-04-26 09:00:27,123] {processor.py:161} INFO - Processing /opt/airflow/dags/psql_operations.py took 0.070 seconds
[2023-04-26 09:00:57,253] {processor.py:153} INFO - Started process (PID=6564) to work on /opt/airflow/dags/psql_operations.py
[2023-04-26 09:00:57,257] {processor.py:641} INFO - Processing file /opt/airflow/dags/psql_operations.py for tasks to queue
[2023-04-26 09:00:57,261] {logging_mixin.py:115} INFO - [2023-04-26 09:00:57,261] {dagbag.py:507} INFO - Filling up the DagBag from /opt/airflow/dags/psql_operations.py
[2023-04-26 09:00:57,279] {processor.py:651} INFO - DAG(s) dict_keys(['postgres_operator_dag']) retrieved from /opt/airflow/dags/psql_operations.py
[2023-04-26 09:00:57,315] {logging_mixin.py:115} INFO - [2023-04-26 09:00:57,315] {dag.py:2379} INFO - Sync 1 DAGs
[2023-04-26 09:00:57,335] {logging_mixin.py:115} INFO - [2023-04-26 09:00:57,335] {dag.py:2931} INFO - Setting next_dagrun for postgres_operator_dag to 2020-02-02T00:00:00+00:00, run_after=2020-02-02T00:00:00+00:00
[2023-04-26 09:00:57,351] {processor.py:161} INFO - Processing /opt/airflow/dags/psql_operations.py took 0.102 seconds
[2023-04-26 09:01:27,532] {processor.py:153} INFO - Started process (PID=6585) to work on /opt/airflow/dags/psql_operations.py
[2023-04-26 09:01:27,534] {processor.py:641} INFO - Processing file /opt/airflow/dags/psql_operations.py for tasks to queue
[2023-04-26 09:01:27,536] {logging_mixin.py:115} INFO - [2023-04-26 09:01:27,536] {dagbag.py:507} INFO - Filling up the DagBag from /opt/airflow/dags/psql_operations.py
[2023-04-26 09:01:27,562] {processor.py:651} INFO - DAG(s) dict_keys(['postgres_operator_dag']) retrieved from /opt/airflow/dags/psql_operations.py
[2023-04-26 09:01:27,587] {logging_mixin.py:115} INFO - [2023-04-26 09:01:27,587] {dag.py:2379} INFO - Sync 1 DAGs
[2023-04-26 09:01:27,600] {logging_mixin.py:115} INFO - [2023-04-26 09:01:27,600] {dag.py:2931} INFO - Setting next_dagrun for postgres_operator_dag to 2020-02-02T00:00:00+00:00, run_after=2020-02-02T00:00:00+00:00
[2023-04-26 09:01:27,606] {processor.py:161} INFO - Processing /opt/airflow/dags/psql_operations.py took 0.082 seconds
[2023-04-26 09:01:57,792] {processor.py:153} INFO - Started process (PID=6613) to work on /opt/airflow/dags/psql_operations.py
[2023-04-26 09:01:57,794] {processor.py:641} INFO - Processing file /opt/airflow/dags/psql_operations.py for tasks to queue
[2023-04-26 09:01:57,796] {logging_mixin.py:115} INFO - [2023-04-26 09:01:57,796] {dagbag.py:507} INFO - Filling up the DagBag from /opt/airflow/dags/psql_operations.py
[2023-04-26 09:01:57,817] {processor.py:651} INFO - DAG(s) dict_keys(['postgres_operator_dag']) retrieved from /opt/airflow/dags/psql_operations.py
[2023-04-26 09:01:57,840] {logging_mixin.py:115} INFO - [2023-04-26 09:01:57,840] {dag.py:2379} INFO - Sync 1 DAGs
[2023-04-26 09:01:57,852] {logging_mixin.py:115} INFO - [2023-04-26 09:01:57,852] {dag.py:2931} INFO - Setting next_dagrun for postgres_operator_dag to 2020-02-02T00:00:00+00:00, run_after=2020-02-02T00:00:00+00:00
[2023-04-26 09:01:57,858] {processor.py:161} INFO - Processing /opt/airflow/dags/psql_operations.py took 0.072 seconds
[2023-04-26 09:02:28,032] {processor.py:153} INFO - Started process (PID=6641) to work on /opt/airflow/dags/psql_operations.py
[2023-04-26 09:02:28,035] {processor.py:641} INFO - Processing file /opt/airflow/dags/psql_operations.py for tasks to queue
[2023-04-26 09:02:28,036] {logging_mixin.py:115} INFO - [2023-04-26 09:02:28,036] {dagbag.py:507} INFO - Filling up the DagBag from /opt/airflow/dags/psql_operations.py
[2023-04-26 09:02:28,060] {processor.py:651} INFO - DAG(s) dict_keys(['postgres_operator_dag']) retrieved from /opt/airflow/dags/psql_operations.py
[2023-04-26 09:02:28,084] {logging_mixin.py:115} INFO - [2023-04-26 09:02:28,084] {dag.py:2379} INFO - Sync 1 DAGs
[2023-04-26 09:02:28,097] {logging_mixin.py:115} INFO - [2023-04-26 09:02:28,096] {dag.py:2931} INFO - Setting next_dagrun for postgres_operator_dag to 2020-02-02T00:00:00+00:00, run_after=2020-02-02T00:00:00+00:00
[2023-04-26 09:02:28,102] {processor.py:161} INFO - Processing /opt/airflow/dags/psql_operations.py took 0.077 seconds
[2023-04-26 09:02:58,189] {processor.py:153} INFO - Started process (PID=6671) to work on /opt/airflow/dags/psql_operations.py
[2023-04-26 09:02:58,192] {processor.py:641} INFO - Processing file /opt/airflow/dags/psql_operations.py for tasks to queue
[2023-04-26 09:02:58,194] {logging_mixin.py:115} INFO - [2023-04-26 09:02:58,194] {dagbag.py:507} INFO - Filling up the DagBag from /opt/airflow/dags/psql_operations.py
[2023-04-26 09:02:58,234] {processor.py:651} INFO - DAG(s) dict_keys(['postgres_operator_dag']) retrieved from /opt/airflow/dags/psql_operations.py
[2023-04-26 09:02:58,259] {logging_mixin.py:115} INFO - [2023-04-26 09:02:58,259] {dag.py:2379} INFO - Sync 1 DAGs
[2023-04-26 09:02:58,274] {logging_mixin.py:115} INFO - [2023-04-26 09:02:58,273] {dag.py:2931} INFO - Setting next_dagrun for postgres_operator_dag to None, run_after=None
[2023-04-26 09:02:58,280] {processor.py:161} INFO - Processing /opt/airflow/dags/psql_operations.py took 0.098 seconds
[2023-04-26 09:03:28,486] {processor.py:153} INFO - Started process (PID=6699) to work on /opt/airflow/dags/psql_operations.py
[2023-04-26 09:03:28,487] {processor.py:641} INFO - Processing file /opt/airflow/dags/psql_operations.py for tasks to queue
[2023-04-26 09:03:28,488] {logging_mixin.py:115} INFO - [2023-04-26 09:03:28,488] {dagbag.py:507} INFO - Filling up the DagBag from /opt/airflow/dags/psql_operations.py
[2023-04-26 09:03:28,505] {processor.py:651} INFO - DAG(s) dict_keys(['postgres_operator_dag']) retrieved from /opt/airflow/dags/psql_operations.py
[2023-04-26 09:03:28,528] {logging_mixin.py:115} INFO - [2023-04-26 09:03:28,528] {dag.py:2379} INFO - Sync 1 DAGs
[2023-04-26 09:03:28,543] {logging_mixin.py:115} INFO - [2023-04-26 09:03:28,543] {dag.py:2931} INFO - Setting next_dagrun for postgres_operator_dag to None, run_after=None
[2023-04-26 09:03:28,551] {processor.py:161} INFO - Processing /opt/airflow/dags/psql_operations.py took 0.068 seconds
[2023-04-26 09:03:58,802] {processor.py:153} INFO - Started process (PID=6723) to work on /opt/airflow/dags/psql_operations.py
[2023-04-26 09:03:58,804] {processor.py:641} INFO - Processing file /opt/airflow/dags/psql_operations.py for tasks to queue
[2023-04-26 09:03:58,806] {logging_mixin.py:115} INFO - [2023-04-26 09:03:58,806] {dagbag.py:507} INFO - Filling up the DagBag from /opt/airflow/dags/psql_operations.py
[2023-04-26 09:03:58,834] {processor.py:651} INFO - DAG(s) dict_keys(['postgres_operator_dag']) retrieved from /opt/airflow/dags/psql_operations.py
[2023-04-26 09:03:58,865] {logging_mixin.py:115} INFO - [2023-04-26 09:03:58,865] {dag.py:2379} INFO - Sync 1 DAGs
[2023-04-26 09:03:58,883] {logging_mixin.py:115} INFO - [2023-04-26 09:03:58,882] {dag.py:2931} INFO - Setting next_dagrun for postgres_operator_dag to None, run_after=None
[2023-04-26 09:03:58,890] {processor.py:161} INFO - Processing /opt/airflow/dags/psql_operations.py took 0.094 seconds
[2023-04-26 09:04:29,000] {processor.py:153} INFO - Started process (PID=6750) to work on /opt/airflow/dags/psql_operations.py
[2023-04-26 09:04:29,002] {processor.py:641} INFO - Processing file /opt/airflow/dags/psql_operations.py for tasks to queue
[2023-04-26 09:04:29,003] {logging_mixin.py:115} INFO - [2023-04-26 09:04:29,003] {dagbag.py:507} INFO - Filling up the DagBag from /opt/airflow/dags/psql_operations.py
[2023-04-26 09:04:29,029] {processor.py:651} INFO - DAG(s) dict_keys(['postgres_operator_dag']) retrieved from /opt/airflow/dags/psql_operations.py
[2023-04-26 09:04:29,057] {logging_mixin.py:115} INFO - [2023-04-26 09:04:29,057] {dag.py:2379} INFO - Sync 1 DAGs
[2023-04-26 09:04:29,073] {logging_mixin.py:115} INFO - [2023-04-26 09:04:29,073] {dag.py:2931} INFO - Setting next_dagrun for postgres_operator_dag to None, run_after=None
[2023-04-26 09:04:29,080] {processor.py:161} INFO - Processing /opt/airflow/dags/psql_operations.py took 0.088 seconds
[2023-04-26 09:04:59,269] {processor.py:153} INFO - Started process (PID=6779) to work on /opt/airflow/dags/psql_operations.py
[2023-04-26 09:04:59,270] {processor.py:641} INFO - Processing file /opt/airflow/dags/psql_operations.py for tasks to queue
[2023-04-26 09:04:59,271] {logging_mixin.py:115} INFO - [2023-04-26 09:04:59,271] {dagbag.py:507} INFO - Filling up the DagBag from /opt/airflow/dags/psql_operations.py
[2023-04-26 09:04:59,287] {processor.py:651} INFO - DAG(s) dict_keys(['postgres_operator_dag']) retrieved from /opt/airflow/dags/psql_operations.py
[2023-04-26 09:04:59,309] {logging_mixin.py:115} INFO - [2023-04-26 09:04:59,309] {dag.py:2379} INFO - Sync 1 DAGs
[2023-04-26 09:04:59,324] {logging_mixin.py:115} INFO - [2023-04-26 09:04:59,324] {dag.py:2931} INFO - Setting next_dagrun for postgres_operator_dag to None, run_after=None
[2023-04-26 09:04:59,331] {processor.py:161} INFO - Processing /opt/airflow/dags/psql_operations.py took 0.066 seconds
[2023-04-26 09:05:29,487] {processor.py:153} INFO - Started process (PID=6809) to work on /opt/airflow/dags/psql_operations.py
[2023-04-26 09:05:29,490] {processor.py:641} INFO - Processing file /opt/airflow/dags/psql_operations.py for tasks to queue
[2023-04-26 09:05:29,491] {logging_mixin.py:115} INFO - [2023-04-26 09:05:29,491] {dagbag.py:507} INFO - Filling up the DagBag from /opt/airflow/dags/psql_operations.py
[2023-04-26 09:05:29,512] {processor.py:651} INFO - DAG(s) dict_keys(['postgres_operator_dag']) retrieved from /opt/airflow/dags/psql_operations.py
[2023-04-26 09:05:29,535] {logging_mixin.py:115} INFO - [2023-04-26 09:05:29,535] {dag.py:2379} INFO - Sync 1 DAGs
[2023-04-26 09:05:29,547] {logging_mixin.py:115} INFO - [2023-04-26 09:05:29,547] {dag.py:2931} INFO - Setting next_dagrun for postgres_operator_dag to None, run_after=None
[2023-04-26 09:05:29,553] {processor.py:161} INFO - Processing /opt/airflow/dags/psql_operations.py took 0.071 seconds
[2023-04-26 09:05:59,694] {processor.py:153} INFO - Started process (PID=6829) to work on /opt/airflow/dags/psql_operations.py
[2023-04-26 09:05:59,696] {processor.py:641} INFO - Processing file /opt/airflow/dags/psql_operations.py for tasks to queue
[2023-04-26 09:05:59,698] {logging_mixin.py:115} INFO - [2023-04-26 09:05:59,698] {dagbag.py:507} INFO - Filling up the DagBag from /opt/airflow/dags/psql_operations.py
[2023-04-26 09:05:59,722] {processor.py:651} INFO - DAG(s) dict_keys(['postgres_operator_dag']) retrieved from /opt/airflow/dags/psql_operations.py
[2023-04-26 09:05:59,751] {logging_mixin.py:115} INFO - [2023-04-26 09:05:59,751] {dag.py:2379} INFO - Sync 1 DAGs
[2023-04-26 09:05:59,765] {logging_mixin.py:115} INFO - [2023-04-26 09:05:59,765] {dag.py:2931} INFO - Setting next_dagrun for postgres_operator_dag to None, run_after=None
[2023-04-26 09:05:59,772] {processor.py:161} INFO - Processing /opt/airflow/dags/psql_operations.py took 0.085 seconds
[2023-04-26 09:06:29,907] {processor.py:153} INFO - Started process (PID=6858) to work on /opt/airflow/dags/psql_operations.py
[2023-04-26 09:06:29,909] {processor.py:641} INFO - Processing file /opt/airflow/dags/psql_operations.py for tasks to queue
[2023-04-26 09:06:29,910] {logging_mixin.py:115} INFO - [2023-04-26 09:06:29,910] {dagbag.py:507} INFO - Filling up the DagBag from /opt/airflow/dags/psql_operations.py
[2023-04-26 09:06:29,934] {processor.py:651} INFO - DAG(s) dict_keys(['postgres_operator_dag']) retrieved from /opt/airflow/dags/psql_operations.py
[2023-04-26 09:06:29,957] {logging_mixin.py:115} INFO - [2023-04-26 09:06:29,957] {dag.py:2379} INFO - Sync 1 DAGs
[2023-04-26 09:06:29,971] {logging_mixin.py:115} INFO - [2023-04-26 09:06:29,971] {dag.py:2931} INFO - Setting next_dagrun for postgres_operator_dag to None, run_after=None
[2023-04-26 09:06:29,978] {processor.py:161} INFO - Processing /opt/airflow/dags/psql_operations.py took 0.074 seconds
[2023-04-26 09:07:00,115] {processor.py:153} INFO - Started process (PID=6888) to work on /opt/airflow/dags/psql_operations.py
[2023-04-26 09:07:00,117] {processor.py:641} INFO - Processing file /opt/airflow/dags/psql_operations.py for tasks to queue
[2023-04-26 09:07:00,118] {logging_mixin.py:115} INFO - [2023-04-26 09:07:00,118] {dagbag.py:507} INFO - Filling up the DagBag from /opt/airflow/dags/psql_operations.py
[2023-04-26 09:07:00,132] {processor.py:651} INFO - DAG(s) dict_keys(['postgres_operator_dag']) retrieved from /opt/airflow/dags/psql_operations.py
[2023-04-26 09:07:00,151] {logging_mixin.py:115} INFO - [2023-04-26 09:07:00,151] {dag.py:2379} INFO - Sync 1 DAGs
[2023-04-26 09:07:00,164] {logging_mixin.py:115} INFO - [2023-04-26 09:07:00,164] {dag.py:2931} INFO - Setting next_dagrun for postgres_operator_dag to None, run_after=None
[2023-04-26 09:07:00,170] {processor.py:161} INFO - Processing /opt/airflow/dags/psql_operations.py took 0.058 seconds
[2023-04-26 09:07:30,295] {processor.py:153} INFO - Started process (PID=6917) to work on /opt/airflow/dags/psql_operations.py
[2023-04-26 09:07:30,297] {processor.py:641} INFO - Processing file /opt/airflow/dags/psql_operations.py for tasks to queue
[2023-04-26 09:07:30,298] {logging_mixin.py:115} INFO - [2023-04-26 09:07:30,298] {dagbag.py:507} INFO - Filling up the DagBag from /opt/airflow/dags/psql_operations.py
[2023-04-26 09:07:30,315] {processor.py:651} INFO - DAG(s) dict_keys(['postgres_operator_dag']) retrieved from /opt/airflow/dags/psql_operations.py
[2023-04-26 09:07:30,340] {logging_mixin.py:115} INFO - [2023-04-26 09:07:30,340] {dag.py:2379} INFO - Sync 1 DAGs
[2023-04-26 09:07:30,356] {logging_mixin.py:115} INFO - [2023-04-26 09:07:30,356] {dag.py:2931} INFO - Setting next_dagrun for postgres_operator_dag to None, run_after=None
[2023-04-26 09:07:30,364] {processor.py:161} INFO - Processing /opt/airflow/dags/psql_operations.py took 0.073 seconds
[2023-04-26 09:07:57,544] {processor.py:153} INFO - Started process (PID=6941) to work on /opt/airflow/dags/psql_operations.py
[2023-04-26 09:07:57,546] {processor.py:641} INFO - Processing file /opt/airflow/dags/psql_operations.py for tasks to queue
[2023-04-26 09:07:57,547] {logging_mixin.py:115} INFO - [2023-04-26 09:07:57,547] {dagbag.py:507} INFO - Filling up the DagBag from /opt/airflow/dags/psql_operations.py
[2023-04-26 09:07:57,560] {processor.py:653} WARNING - No viable dags retrieved from /opt/airflow/dags/psql_operations.py
[2023-04-26 09:07:57,582] {processor.py:161} INFO - Processing /opt/airflow/dags/psql_operations.py took 0.044 seconds
[2023-04-26 09:08:27,713] {processor.py:153} INFO - Started process (PID=6969) to work on /opt/airflow/dags/psql_operations.py
[2023-04-26 09:08:27,715] {processor.py:641} INFO - Processing file /opt/airflow/dags/psql_operations.py for tasks to queue
[2023-04-26 09:08:27,716] {logging_mixin.py:115} INFO - [2023-04-26 09:08:27,716] {dagbag.py:507} INFO - Filling up the DagBag from /opt/airflow/dags/psql_operations.py
[2023-04-26 09:08:27,724] {processor.py:653} WARNING - No viable dags retrieved from /opt/airflow/dags/psql_operations.py
[2023-04-26 09:08:27,742] {processor.py:161} INFO - Processing /opt/airflow/dags/psql_operations.py took 0.033 seconds
[2023-04-26 09:08:57,914] {processor.py:153} INFO - Started process (PID=6999) to work on /opt/airflow/dags/psql_operations.py
[2023-04-26 09:08:57,916] {processor.py:641} INFO - Processing file /opt/airflow/dags/psql_operations.py for tasks to queue
[2023-04-26 09:08:57,918] {logging_mixin.py:115} INFO - [2023-04-26 09:08:57,918] {dagbag.py:507} INFO - Filling up the DagBag from /opt/airflow/dags/psql_operations.py
[2023-04-26 09:08:57,925] {processor.py:653} WARNING - No viable dags retrieved from /opt/airflow/dags/psql_operations.py
[2023-04-26 09:08:57,947] {processor.py:161} INFO - Processing /opt/airflow/dags/psql_operations.py took 0.040 seconds
[2023-04-26 09:09:28,107] {processor.py:153} INFO - Started process (PID=7027) to work on /opt/airflow/dags/psql_operations.py
[2023-04-26 09:09:28,109] {processor.py:641} INFO - Processing file /opt/airflow/dags/psql_operations.py for tasks to queue
[2023-04-26 09:09:28,110] {logging_mixin.py:115} INFO - [2023-04-26 09:09:28,110] {dagbag.py:507} INFO - Filling up the DagBag from /opt/airflow/dags/psql_operations.py
[2023-04-26 09:09:28,113] {processor.py:653} WARNING - No viable dags retrieved from /opt/airflow/dags/psql_operations.py
[2023-04-26 09:09:28,128] {processor.py:161} INFO - Processing /opt/airflow/dags/psql_operations.py took 0.025 seconds
[2023-04-26 09:09:58,289] {processor.py:153} INFO - Started process (PID=7047) to work on /opt/airflow/dags/psql_operations.py
[2023-04-26 09:09:58,290] {processor.py:641} INFO - Processing file /opt/airflow/dags/psql_operations.py for tasks to queue
[2023-04-26 09:09:58,290] {logging_mixin.py:115} INFO - [2023-04-26 09:09:58,290] {dagbag.py:507} INFO - Filling up the DagBag from /opt/airflow/dags/psql_operations.py
[2023-04-26 09:09:58,293] {processor.py:653} WARNING - No viable dags retrieved from /opt/airflow/dags/psql_operations.py
[2023-04-26 09:09:58,305] {processor.py:161} INFO - Processing /opt/airflow/dags/psql_operations.py took 0.019 seconds
[2023-04-26 09:10:28,489] {processor.py:153} INFO - Started process (PID=7076) to work on /opt/airflow/dags/psql_operations.py
[2023-04-26 09:10:28,491] {processor.py:641} INFO - Processing file /opt/airflow/dags/psql_operations.py for tasks to queue
[2023-04-26 09:10:28,492] {logging_mixin.py:115} INFO - [2023-04-26 09:10:28,492] {dagbag.py:507} INFO - Filling up the DagBag from /opt/airflow/dags/psql_operations.py
[2023-04-26 09:10:28,498] {processor.py:653} WARNING - No viable dags retrieved from /opt/airflow/dags/psql_operations.py
[2023-04-26 09:10:28,517] {processor.py:161} INFO - Processing /opt/airflow/dags/psql_operations.py took 0.034 seconds
[2023-04-26 09:10:58,663] {processor.py:153} INFO - Started process (PID=7105) to work on /opt/airflow/dags/psql_operations.py
[2023-04-26 09:10:58,665] {processor.py:641} INFO - Processing file /opt/airflow/dags/psql_operations.py for tasks to queue
[2023-04-26 09:10:58,667] {logging_mixin.py:115} INFO - [2023-04-26 09:10:58,667] {dagbag.py:507} INFO - Filling up the DagBag from /opt/airflow/dags/psql_operations.py
[2023-04-26 09:10:58,673] {processor.py:653} WARNING - No viable dags retrieved from /opt/airflow/dags/psql_operations.py
[2023-04-26 09:10:58,697] {processor.py:161} INFO - Processing /opt/airflow/dags/psql_operations.py took 0.041 seconds
[2023-04-26 09:11:28,882] {processor.py:153} INFO - Started process (PID=7133) to work on /opt/airflow/dags/psql_operations.py
[2023-04-26 09:11:28,884] {processor.py:641} INFO - Processing file /opt/airflow/dags/psql_operations.py for tasks to queue
[2023-04-26 09:11:28,886] {logging_mixin.py:115} INFO - [2023-04-26 09:11:28,886] {dagbag.py:507} INFO - Filling up the DagBag from /opt/airflow/dags/psql_operations.py
[2023-04-26 09:11:28,892] {processor.py:653} WARNING - No viable dags retrieved from /opt/airflow/dags/psql_operations.py
[2023-04-26 09:11:28,916] {processor.py:161} INFO - Processing /opt/airflow/dags/psql_operations.py took 0.042 seconds
[2023-04-26 09:11:59,062] {processor.py:153} INFO - Started process (PID=7162) to work on /opt/airflow/dags/psql_operations.py
[2023-04-26 09:11:59,064] {processor.py:641} INFO - Processing file /opt/airflow/dags/psql_operations.py for tasks to queue
[2023-04-26 09:11:59,066] {logging_mixin.py:115} INFO - [2023-04-26 09:11:59,065] {dagbag.py:507} INFO - Filling up the DagBag from /opt/airflow/dags/psql_operations.py
[2023-04-26 09:11:59,071] {processor.py:653} WARNING - No viable dags retrieved from /opt/airflow/dags/psql_operations.py
[2023-04-26 09:11:59,091] {processor.py:161} INFO - Processing /opt/airflow/dags/psql_operations.py took 0.034 seconds
[2023-04-26 09:12:29,223] {processor.py:153} INFO - Started process (PID=7183) to work on /opt/airflow/dags/psql_operations.py
[2023-04-26 09:12:29,225] {processor.py:641} INFO - Processing file /opt/airflow/dags/psql_operations.py for tasks to queue
[2023-04-26 09:12:29,226] {logging_mixin.py:115} INFO - [2023-04-26 09:12:29,226] {dagbag.py:507} INFO - Filling up the DagBag from /opt/airflow/dags/psql_operations.py
[2023-04-26 09:12:29,243] {processor.py:653} WARNING - No viable dags retrieved from /opt/airflow/dags/psql_operations.py
[2023-04-26 09:12:29,263] {processor.py:161} INFO - Processing /opt/airflow/dags/psql_operations.py took 0.047 seconds
[2023-04-26 09:12:59,383] {processor.py:153} INFO - Started process (PID=7212) to work on /opt/airflow/dags/psql_operations.py
[2023-04-26 09:12:59,385] {processor.py:641} INFO - Processing file /opt/airflow/dags/psql_operations.py for tasks to queue
[2023-04-26 09:12:59,386] {logging_mixin.py:115} INFO - [2023-04-26 09:12:59,386] {dagbag.py:507} INFO - Filling up the DagBag from /opt/airflow/dags/psql_operations.py
[2023-04-26 09:12:59,395] {processor.py:653} WARNING - No viable dags retrieved from /opt/airflow/dags/psql_operations.py
[2023-04-26 09:12:59,417] {processor.py:161} INFO - Processing /opt/airflow/dags/psql_operations.py took 0.040 seconds
[2023-04-26 09:13:29,587] {processor.py:153} INFO - Started process (PID=7242) to work on /opt/airflow/dags/psql_operations.py
[2023-04-26 09:13:29,590] {processor.py:641} INFO - Processing file /opt/airflow/dags/psql_operations.py for tasks to queue
[2023-04-26 09:13:29,591] {logging_mixin.py:115} INFO - [2023-04-26 09:13:29,591] {dagbag.py:507} INFO - Filling up the DagBag from /opt/airflow/dags/psql_operations.py
[2023-04-26 09:13:29,596] {processor.py:653} WARNING - No viable dags retrieved from /opt/airflow/dags/psql_operations.py
[2023-04-26 09:13:29,614] {processor.py:161} INFO - Processing /opt/airflow/dags/psql_operations.py took 0.029 seconds
[2023-04-26 09:13:59,753] {processor.py:153} INFO - Started process (PID=7273) to work on /opt/airflow/dags/psql_operations.py
[2023-04-26 09:13:59,756] {processor.py:641} INFO - Processing file /opt/airflow/dags/psql_operations.py for tasks to queue
[2023-04-26 09:13:59,758] {logging_mixin.py:115} INFO - [2023-04-26 09:13:59,757] {dagbag.py:507} INFO - Filling up the DagBag from /opt/airflow/dags/psql_operations.py
[2023-04-26 09:13:59,763] {processor.py:653} WARNING - No viable dags retrieved from /opt/airflow/dags/psql_operations.py
[2023-04-26 09:13:59,786] {processor.py:161} INFO - Processing /opt/airflow/dags/psql_operations.py took 0.040 seconds
[2023-04-26 09:14:29,939] {processor.py:153} INFO - Started process (PID=7294) to work on /opt/airflow/dags/psql_operations.py
[2023-04-26 09:14:29,941] {processor.py:641} INFO - Processing file /opt/airflow/dags/psql_operations.py for tasks to queue
[2023-04-26 09:14:29,943] {logging_mixin.py:115} INFO - [2023-04-26 09:14:29,943] {dagbag.py:507} INFO - Filling up the DagBag from /opt/airflow/dags/psql_operations.py
[2023-04-26 09:14:29,950] {processor.py:653} WARNING - No viable dags retrieved from /opt/airflow/dags/psql_operations.py
[2023-04-26 09:14:29,972] {processor.py:161} INFO - Processing /opt/airflow/dags/psql_operations.py took 0.040 seconds
[2023-04-26 09:15:00,108] {processor.py:153} INFO - Started process (PID=7323) to work on /opt/airflow/dags/psql_operations.py
[2023-04-26 09:15:00,109] {processor.py:641} INFO - Processing file /opt/airflow/dags/psql_operations.py for tasks to queue
[2023-04-26 09:15:00,110] {logging_mixin.py:115} INFO - [2023-04-26 09:15:00,110] {dagbag.py:507} INFO - Filling up the DagBag from /opt/airflow/dags/psql_operations.py
[2023-04-26 09:15:00,112] {processor.py:653} WARNING - No viable dags retrieved from /opt/airflow/dags/psql_operations.py
[2023-04-26 09:15:00,126] {processor.py:161} INFO - Processing /opt/airflow/dags/psql_operations.py took 0.021 seconds
[2023-04-26 09:15:30,244] {processor.py:153} INFO - Started process (PID=7352) to work on /opt/airflow/dags/psql_operations.py
[2023-04-26 09:15:30,246] {processor.py:641} INFO - Processing file /opt/airflow/dags/psql_operations.py for tasks to queue
[2023-04-26 09:15:30,246] {logging_mixin.py:115} INFO - [2023-04-26 09:15:30,246] {dagbag.py:507} INFO - Filling up the DagBag from /opt/airflow/dags/psql_operations.py
[2023-04-26 09:15:30,250] {processor.py:653} WARNING - No viable dags retrieved from /opt/airflow/dags/psql_operations.py
[2023-04-26 09:15:30,262] {processor.py:161} INFO - Processing /opt/airflow/dags/psql_operations.py took 0.021 seconds
[2023-04-26 09:16:00,393] {processor.py:153} INFO - Started process (PID=7381) to work on /opt/airflow/dags/psql_operations.py
[2023-04-26 09:16:00,396] {processor.py:641} INFO - Processing file /opt/airflow/dags/psql_operations.py for tasks to queue
[2023-04-26 09:16:00,398] {logging_mixin.py:115} INFO - [2023-04-26 09:16:00,397] {dagbag.py:507} INFO - Filling up the DagBag from /opt/airflow/dags/psql_operations.py
[2023-04-26 09:16:00,403] {processor.py:653} WARNING - No viable dags retrieved from /opt/airflow/dags/psql_operations.py
[2023-04-26 09:16:00,430] {processor.py:161} INFO - Processing /opt/airflow/dags/psql_operations.py took 0.043 seconds
[2023-04-26 09:16:30,584] {processor.py:153} INFO - Started process (PID=7409) to work on /opt/airflow/dags/psql_operations.py
[2023-04-26 09:16:30,587] {processor.py:641} INFO - Processing file /opt/airflow/dags/psql_operations.py for tasks to queue
[2023-04-26 09:16:30,588] {logging_mixin.py:115} INFO - [2023-04-26 09:16:30,588] {dagbag.py:507} INFO - Filling up the DagBag from /opt/airflow/dags/psql_operations.py
[2023-04-26 09:16:30,593] {processor.py:653} WARNING - No viable dags retrieved from /opt/airflow/dags/psql_operations.py
[2023-04-26 09:16:30,611] {processor.py:161} INFO - Processing /opt/airflow/dags/psql_operations.py took 0.032 seconds
[2023-04-26 09:17:00,787] {processor.py:153} INFO - Started process (PID=7429) to work on /opt/airflow/dags/psql_operations.py
[2023-04-26 09:17:00,790] {processor.py:641} INFO - Processing file /opt/airflow/dags/psql_operations.py for tasks to queue
[2023-04-26 09:17:00,792] {logging_mixin.py:115} INFO - [2023-04-26 09:17:00,791] {dagbag.py:507} INFO - Filling up the DagBag from /opt/airflow/dags/psql_operations.py
[2023-04-26 09:17:00,797] {processor.py:653} WARNING - No viable dags retrieved from /opt/airflow/dags/psql_operations.py
[2023-04-26 09:17:00,820] {processor.py:161} INFO - Processing /opt/airflow/dags/psql_operations.py took 0.039 seconds
[2023-04-26 09:17:30,975] {processor.py:153} INFO - Started process (PID=7458) to work on /opt/airflow/dags/psql_operations.py
[2023-04-26 09:17:30,977] {processor.py:641} INFO - Processing file /opt/airflow/dags/psql_operations.py for tasks to queue
[2023-04-26 09:17:30,979] {logging_mixin.py:115} INFO - [2023-04-26 09:17:30,979] {dagbag.py:507} INFO - Filling up the DagBag from /opt/airflow/dags/psql_operations.py
[2023-04-26 09:17:30,985] {processor.py:653} WARNING - No viable dags retrieved from /opt/airflow/dags/psql_operations.py
[2023-04-26 09:17:31,007] {processor.py:161} INFO - Processing /opt/airflow/dags/psql_operations.py took 0.039 seconds
[2023-04-26 09:18:01,129] {processor.py:153} INFO - Started process (PID=7486) to work on /opt/airflow/dags/psql_operations.py
[2023-04-26 09:18:01,132] {processor.py:641} INFO - Processing file /opt/airflow/dags/psql_operations.py for tasks to queue
[2023-04-26 09:18:01,133] {logging_mixin.py:115} INFO - [2023-04-26 09:18:01,133] {dagbag.py:507} INFO - Filling up the DagBag from /opt/airflow/dags/psql_operations.py
[2023-04-26 09:18:01,138] {processor.py:653} WARNING - No viable dags retrieved from /opt/airflow/dags/psql_operations.py
[2023-04-26 09:18:01,158] {processor.py:161} INFO - Processing /opt/airflow/dags/psql_operations.py took 0.034 seconds
[2023-04-26 09:18:31,289] {processor.py:153} INFO - Started process (PID=7515) to work on /opt/airflow/dags/psql_operations.py
[2023-04-26 09:18:31,290] {processor.py:641} INFO - Processing file /opt/airflow/dags/psql_operations.py for tasks to queue
[2023-04-26 09:18:31,291] {logging_mixin.py:115} INFO - [2023-04-26 09:18:31,291] {dagbag.py:507} INFO - Filling up the DagBag from /opt/airflow/dags/psql_operations.py
[2023-04-26 09:18:31,294] {processor.py:653} WARNING - No viable dags retrieved from /opt/airflow/dags/psql_operations.py
[2023-04-26 09:18:31,310] {processor.py:161} INFO - Processing /opt/airflow/dags/psql_operations.py took 0.025 seconds
[2023-04-26 09:19:01,451] {processor.py:153} INFO - Started process (PID=7543) to work on /opt/airflow/dags/psql_operations.py
[2023-04-26 09:19:01,453] {processor.py:641} INFO - Processing file /opt/airflow/dags/psql_operations.py for tasks to queue
[2023-04-26 09:19:01,455] {logging_mixin.py:115} INFO - [2023-04-26 09:19:01,455] {dagbag.py:507} INFO - Filling up the DagBag from /opt/airflow/dags/psql_operations.py
[2023-04-26 09:19:01,462] {processor.py:653} WARNING - No viable dags retrieved from /opt/airflow/dags/psql_operations.py
[2023-04-26 09:19:01,487] {processor.py:161} INFO - Processing /opt/airflow/dags/psql_operations.py took 0.040 seconds
[2023-04-26 09:19:31,650] {processor.py:153} INFO - Started process (PID=7564) to work on /opt/airflow/dags/psql_operations.py
[2023-04-26 09:19:31,652] {processor.py:641} INFO - Processing file /opt/airflow/dags/psql_operations.py for tasks to queue
[2023-04-26 09:19:31,653] {logging_mixin.py:115} INFO - [2023-04-26 09:19:31,653] {dagbag.py:507} INFO - Filling up the DagBag from /opt/airflow/dags/psql_operations.py
[2023-04-26 09:19:31,659] {processor.py:653} WARNING - No viable dags retrieved from /opt/airflow/dags/psql_operations.py
[2023-04-26 09:19:31,683] {processor.py:161} INFO - Processing /opt/airflow/dags/psql_operations.py took 0.040 seconds
[2023-04-26 09:20:01,894] {processor.py:153} INFO - Started process (PID=7593) to work on /opt/airflow/dags/psql_operations.py
[2023-04-26 09:20:01,895] {processor.py:641} INFO - Processing file /opt/airflow/dags/psql_operations.py for tasks to queue
[2023-04-26 09:20:01,896] {logging_mixin.py:115} INFO - [2023-04-26 09:20:01,895] {dagbag.py:507} INFO - Filling up the DagBag from /opt/airflow/dags/psql_operations.py
[2023-04-26 09:20:01,898] {processor.py:653} WARNING - No viable dags retrieved from /opt/airflow/dags/psql_operations.py
[2023-04-26 09:20:01,911] {processor.py:161} INFO - Processing /opt/airflow/dags/psql_operations.py took 0.021 seconds
[2023-04-26 09:20:32,098] {processor.py:153} INFO - Started process (PID=7622) to work on /opt/airflow/dags/psql_operations.py
[2023-04-26 09:20:32,100] {processor.py:641} INFO - Processing file /opt/airflow/dags/psql_operations.py for tasks to queue
[2023-04-26 09:20:32,102] {logging_mixin.py:115} INFO - [2023-04-26 09:20:32,102] {dagbag.py:507} INFO - Filling up the DagBag from /opt/airflow/dags/psql_operations.py
[2023-04-26 09:20:32,108] {processor.py:653} WARNING - No viable dags retrieved from /opt/airflow/dags/psql_operations.py
[2023-04-26 09:20:32,130] {processor.py:161} INFO - Processing /opt/airflow/dags/psql_operations.py took 0.038 seconds
[2023-04-26 09:21:02,290] {processor.py:153} INFO - Started process (PID=7649) to work on /opt/airflow/dags/psql_operations.py
[2023-04-26 09:21:02,293] {processor.py:641} INFO - Processing file /opt/airflow/dags/psql_operations.py for tasks to queue
[2023-04-26 09:21:02,294] {logging_mixin.py:115} INFO - [2023-04-26 09:21:02,294] {dagbag.py:507} INFO - Filling up the DagBag from /opt/airflow/dags/psql_operations.py
[2023-04-26 09:21:02,299] {processor.py:653} WARNING - No viable dags retrieved from /opt/airflow/dags/psql_operations.py
[2023-04-26 09:21:02,320] {processor.py:161} INFO - Processing /opt/airflow/dags/psql_operations.py took 0.036 seconds
[2023-04-26 09:21:32,437] {processor.py:153} INFO - Started process (PID=7678) to work on /opt/airflow/dags/psql_operations.py
[2023-04-26 09:21:32,438] {processor.py:641} INFO - Processing file /opt/airflow/dags/psql_operations.py for tasks to queue
[2023-04-26 09:21:32,439] {logging_mixin.py:115} INFO - [2023-04-26 09:21:32,439] {dagbag.py:507} INFO - Filling up the DagBag from /opt/airflow/dags/psql_operations.py
[2023-04-26 09:21:32,443] {processor.py:653} WARNING - No viable dags retrieved from /opt/airflow/dags/psql_operations.py
[2023-04-26 09:21:32,456] {processor.py:161} INFO - Processing /opt/airflow/dags/psql_operations.py took 0.022 seconds
[2023-04-26 09:22:02,612] {processor.py:153} INFO - Started process (PID=7699) to work on /opt/airflow/dags/psql_operations.py
[2023-04-26 09:22:02,614] {processor.py:641} INFO - Processing file /opt/airflow/dags/psql_operations.py for tasks to queue
[2023-04-26 09:22:02,616] {logging_mixin.py:115} INFO - [2023-04-26 09:22:02,616] {dagbag.py:507} INFO - Filling up the DagBag from /opt/airflow/dags/psql_operations.py
[2023-04-26 09:22:02,622] {processor.py:653} WARNING - No viable dags retrieved from /opt/airflow/dags/psql_operations.py
[2023-04-26 09:22:02,641] {processor.py:161} INFO - Processing /opt/airflow/dags/psql_operations.py took 0.035 seconds
[2023-04-26 09:22:32,804] {processor.py:153} INFO - Started process (PID=7728) to work on /opt/airflow/dags/psql_operations.py
[2023-04-26 09:22:32,805] {processor.py:641} INFO - Processing file /opt/airflow/dags/psql_operations.py for tasks to queue
[2023-04-26 09:22:32,806] {logging_mixin.py:115} INFO - [2023-04-26 09:22:32,806] {dagbag.py:507} INFO - Filling up the DagBag from /opt/airflow/dags/psql_operations.py
[2023-04-26 09:22:32,810] {processor.py:653} WARNING - No viable dags retrieved from /opt/airflow/dags/psql_operations.py
[2023-04-26 09:22:32,829] {processor.py:161} INFO - Processing /opt/airflow/dags/psql_operations.py took 0.031 seconds
[2023-04-26 09:23:03,008] {processor.py:153} INFO - Started process (PID=7757) to work on /opt/airflow/dags/psql_operations.py
[2023-04-26 09:23:03,010] {processor.py:641} INFO - Processing file /opt/airflow/dags/psql_operations.py for tasks to queue
[2023-04-26 09:23:03,011] {logging_mixin.py:115} INFO - [2023-04-26 09:23:03,011] {dagbag.py:507} INFO - Filling up the DagBag from /opt/airflow/dags/psql_operations.py
[2023-04-26 09:23:03,016] {processor.py:653} WARNING - No viable dags retrieved from /opt/airflow/dags/psql_operations.py
[2023-04-26 09:23:03,037] {processor.py:161} INFO - Processing /opt/airflow/dags/psql_operations.py took 0.035 seconds
[2023-04-26 09:23:33,162] {processor.py:153} INFO - Started process (PID=7787) to work on /opt/airflow/dags/psql_operations.py
[2023-04-26 09:23:33,164] {processor.py:641} INFO - Processing file /opt/airflow/dags/psql_operations.py for tasks to queue
[2023-04-26 09:23:33,165] {logging_mixin.py:115} INFO - [2023-04-26 09:23:33,165] {dagbag.py:507} INFO - Filling up the DagBag from /opt/airflow/dags/psql_operations.py
[2023-04-26 09:23:33,170] {processor.py:653} WARNING - No viable dags retrieved from /opt/airflow/dags/psql_operations.py
[2023-04-26 09:23:33,186] {processor.py:161} INFO - Processing /opt/airflow/dags/psql_operations.py took 0.028 seconds
[2023-04-26 09:24:03,329] {processor.py:153} INFO - Started process (PID=7812) to work on /opt/airflow/dags/psql_operations.py
[2023-04-26 09:24:03,330] {processor.py:641} INFO - Processing file /opt/airflow/dags/psql_operations.py for tasks to queue
[2023-04-26 09:24:03,331] {logging_mixin.py:115} INFO - [2023-04-26 09:24:03,331] {dagbag.py:507} INFO - Filling up the DagBag from /opt/airflow/dags/psql_operations.py
[2023-04-26 09:24:03,334] {processor.py:653} WARNING - No viable dags retrieved from /opt/airflow/dags/psql_operations.py
[2023-04-26 09:24:03,349] {processor.py:161} INFO - Processing /opt/airflow/dags/psql_operations.py took 0.023 seconds
[2023-04-26 09:24:33,497] {processor.py:153} INFO - Started process (PID=7835) to work on /opt/airflow/dags/psql_operations.py
[2023-04-26 09:24:33,498] {processor.py:641} INFO - Processing file /opt/airflow/dags/psql_operations.py for tasks to queue
[2023-04-26 09:24:33,499] {logging_mixin.py:115} INFO - [2023-04-26 09:24:33,499] {dagbag.py:507} INFO - Filling up the DagBag from /opt/airflow/dags/psql_operations.py
[2023-04-26 09:24:33,502] {processor.py:653} WARNING - No viable dags retrieved from /opt/airflow/dags/psql_operations.py
[2023-04-26 09:24:33,516] {processor.py:161} INFO - Processing /opt/airflow/dags/psql_operations.py took 0.022 seconds
[2023-04-26 09:25:03,771] {processor.py:153} INFO - Started process (PID=7865) to work on /opt/airflow/dags/psql_operations.py
[2023-04-26 09:25:03,773] {processor.py:641} INFO - Processing file /opt/airflow/dags/psql_operations.py for tasks to queue
[2023-04-26 09:25:03,775] {logging_mixin.py:115} INFO - [2023-04-26 09:25:03,775] {dagbag.py:507} INFO - Filling up the DagBag from /opt/airflow/dags/psql_operations.py
[2023-04-26 09:25:03,781] {processor.py:653} WARNING - No viable dags retrieved from /opt/airflow/dags/psql_operations.py
[2023-04-26 09:25:03,801] {processor.py:161} INFO - Processing /opt/airflow/dags/psql_operations.py took 0.036 seconds
[2023-04-26 09:25:33,971] {processor.py:153} INFO - Started process (PID=7894) to work on /opt/airflow/dags/psql_operations.py
[2023-04-26 09:25:33,974] {processor.py:641} INFO - Processing file /opt/airflow/dags/psql_operations.py for tasks to queue
[2023-04-26 09:25:33,975] {logging_mixin.py:115} INFO - [2023-04-26 09:25:33,975] {dagbag.py:507} INFO - Filling up the DagBag from /opt/airflow/dags/psql_operations.py
[2023-04-26 09:25:33,981] {processor.py:653} WARNING - No viable dags retrieved from /opt/airflow/dags/psql_operations.py
[2023-04-26 09:25:34,002] {processor.py:161} INFO - Processing /opt/airflow/dags/psql_operations.py took 0.036 seconds
[2023-04-26 09:26:04,215] {processor.py:153} INFO - Started process (PID=7923) to work on /opt/airflow/dags/psql_operations.py
[2023-04-26 09:26:04,218] {processor.py:641} INFO - Processing file /opt/airflow/dags/psql_operations.py for tasks to queue
[2023-04-26 09:26:04,219] {logging_mixin.py:115} INFO - [2023-04-26 09:26:04,219] {dagbag.py:507} INFO - Filling up the DagBag from /opt/airflow/dags/psql_operations.py
[2023-04-26 09:26:04,225] {processor.py:653} WARNING - No viable dags retrieved from /opt/airflow/dags/psql_operations.py
[2023-04-26 09:26:04,246] {processor.py:161} INFO - Processing /opt/airflow/dags/psql_operations.py took 0.037 seconds
[2023-04-26 09:26:34,421] {processor.py:153} INFO - Started process (PID=7951) to work on /opt/airflow/dags/psql_operations.py
[2023-04-26 09:26:34,423] {processor.py:641} INFO - Processing file /opt/airflow/dags/psql_operations.py for tasks to queue
[2023-04-26 09:26:34,424] {logging_mixin.py:115} INFO - [2023-04-26 09:26:34,423] {dagbag.py:507} INFO - Filling up the DagBag from /opt/airflow/dags/psql_operations.py
[2023-04-26 09:26:34,427] {processor.py:653} WARNING - No viable dags retrieved from /opt/airflow/dags/psql_operations.py
[2023-04-26 09:26:34,440] {processor.py:161} INFO - Processing /opt/airflow/dags/psql_operations.py took 0.022 seconds
[2023-04-26 09:27:04,621] {processor.py:153} INFO - Started process (PID=7973) to work on /opt/airflow/dags/psql_operations.py
[2023-04-26 09:27:04,624] {processor.py:641} INFO - Processing file /opt/airflow/dags/psql_operations.py for tasks to queue
[2023-04-26 09:27:04,627] {logging_mixin.py:115} INFO - [2023-04-26 09:27:04,626] {dagbag.py:507} INFO - Filling up the DagBag from /opt/airflow/dags/psql_operations.py
[2023-04-26 09:27:04,632] {processor.py:653} WARNING - No viable dags retrieved from /opt/airflow/dags/psql_operations.py
[2023-04-26 09:27:04,654] {processor.py:161} INFO - Processing /opt/airflow/dags/psql_operations.py took 0.040 seconds
