[2023-04-26 09:30:02,221] {processor.py:153} INFO - Started process (PID=8084) to work on /opt/airflow/dags/sample_dag.py
[2023-04-26 09:30:02,223] {processor.py:641} INFO - Processing file /opt/airflow/dags/sample_dag.py for tasks to queue
[2023-04-26 09:30:02,224] {logging_mixin.py:115} INFO - [2023-04-26 09:30:02,224] {dagbag.py:507} INFO - Filling up the DagBag from /opt/airflow/dags/sample_dag.py
[2023-04-26 09:30:02,234] {processor.py:653} WARNING - No viable dags retrieved from /opt/airflow/dags/sample_dag.py
[2023-04-26 09:30:02,247] {processor.py:161} INFO - Processing /opt/airflow/dags/sample_dag.py took 0.030 seconds
[2023-04-26 09:30:32,478] {processor.py:153} INFO - Started process (PID=8104) to work on /opt/airflow/dags/sample_dag.py
[2023-04-26 09:30:32,481] {processor.py:641} INFO - Processing file /opt/airflow/dags/sample_dag.py for tasks to queue
[2023-04-26 09:30:32,483] {logging_mixin.py:115} INFO - [2023-04-26 09:30:32,483] {dagbag.py:507} INFO - Filling up the DagBag from /opt/airflow/dags/sample_dag.py
[2023-04-26 09:30:32,491] {processor.py:653} WARNING - No viable dags retrieved from /opt/airflow/dags/sample_dag.py
[2023-04-26 09:30:32,514] {processor.py:161} INFO - Processing /opt/airflow/dags/sample_dag.py took 0.043 seconds
[2023-04-26 09:31:02,731] {processor.py:153} INFO - Started process (PID=8133) to work on /opt/airflow/dags/sample_dag.py
[2023-04-26 09:31:02,733] {processor.py:641} INFO - Processing file /opt/airflow/dags/sample_dag.py for tasks to queue
[2023-04-26 09:31:02,735] {logging_mixin.py:115} INFO - [2023-04-26 09:31:02,734] {dagbag.py:507} INFO - Filling up the DagBag from /opt/airflow/dags/sample_dag.py
[2023-04-26 09:31:02,741] {processor.py:653} WARNING - No viable dags retrieved from /opt/airflow/dags/sample_dag.py
[2023-04-26 09:31:02,763] {processor.py:161} INFO - Processing /opt/airflow/dags/sample_dag.py took 0.040 seconds
[2023-04-26 09:31:32,924] {processor.py:153} INFO - Started process (PID=8162) to work on /opt/airflow/dags/sample_dag.py
[2023-04-26 09:31:32,926] {processor.py:641} INFO - Processing file /opt/airflow/dags/sample_dag.py for tasks to queue
[2023-04-26 09:31:32,927] {logging_mixin.py:115} INFO - [2023-04-26 09:31:32,927] {dagbag.py:507} INFO - Filling up the DagBag from /opt/airflow/dags/sample_dag.py
[2023-04-26 09:31:32,932] {processor.py:653} WARNING - No viable dags retrieved from /opt/airflow/dags/sample_dag.py
[2023-04-26 09:31:32,953] {processor.py:161} INFO - Processing /opt/airflow/dags/sample_dag.py took 0.037 seconds
[2023-04-26 09:32:03,114] {processor.py:153} INFO - Started process (PID=8190) to work on /opt/airflow/dags/sample_dag.py
[2023-04-26 09:32:03,117] {processor.py:641} INFO - Processing file /opt/airflow/dags/sample_dag.py for tasks to queue
[2023-04-26 09:32:03,118] {logging_mixin.py:115} INFO - [2023-04-26 09:32:03,118] {dagbag.py:507} INFO - Filling up the DagBag from /opt/airflow/dags/sample_dag.py
[2023-04-26 09:32:03,124] {processor.py:653} WARNING - No viable dags retrieved from /opt/airflow/dags/sample_dag.py
[2023-04-26 09:32:03,145] {processor.py:161} INFO - Processing /opt/airflow/dags/sample_dag.py took 0.037 seconds
[2023-04-26 09:32:33,328] {processor.py:153} INFO - Started process (PID=8209) to work on /opt/airflow/dags/sample_dag.py
[2023-04-26 09:32:33,329] {processor.py:641} INFO - Processing file /opt/airflow/dags/sample_dag.py for tasks to queue
[2023-04-26 09:32:33,329] {logging_mixin.py:115} INFO - [2023-04-26 09:32:33,329] {dagbag.py:507} INFO - Filling up the DagBag from /opt/airflow/dags/sample_dag.py
[2023-04-26 09:32:33,332] {processor.py:653} WARNING - No viable dags retrieved from /opt/airflow/dags/sample_dag.py
[2023-04-26 09:32:33,346] {processor.py:161} INFO - Processing /opt/airflow/dags/sample_dag.py took 0.021 seconds
[2023-04-26 09:32:44,414] {processor.py:153} INFO - Started process (PID=8219) to work on /opt/airflow/dags/sample_dag.py
[2023-04-26 09:32:44,417] {processor.py:641} INFO - Processing file /opt/airflow/dags/sample_dag.py for tasks to queue
[2023-04-26 09:32:44,419] {logging_mixin.py:115} INFO - [2023-04-26 09:32:44,419] {dagbag.py:507} INFO - Filling up the DagBag from /opt/airflow/dags/sample_dag.py
[2023-04-26 09:32:44,456] {processor.py:651} INFO - DAG(s) dict_keys(['example_email_notification']) retrieved from /opt/airflow/dags/sample_dag.py
[2023-04-26 09:32:44,526] {logging_mixin.py:115} INFO - [2023-04-26 09:32:44,526] {manager.py:508} INFO - Created Permission View: can read on DAG:example_email_notification
[2023-04-26 09:32:44,531] {logging_mixin.py:115} INFO - [2023-04-26 09:32:44,531] {manager.py:508} INFO - Created Permission View: can delete on DAG:example_email_notification
[2023-04-26 09:32:44,535] {logging_mixin.py:115} INFO - [2023-04-26 09:32:44,535] {manager.py:508} INFO - Created Permission View: can edit on DAG:example_email_notification
[2023-04-26 09:32:44,536] {logging_mixin.py:115} INFO - [2023-04-26 09:32:44,536] {dag.py:2379} INFO - Sync 1 DAGs
[2023-04-26 09:32:44,543] {logging_mixin.py:115} INFO - [2023-04-26 09:32:44,543] {dag.py:2398} INFO - Creating ORM DAG for example_email_notification
[2023-04-26 09:32:44,553] {logging_mixin.py:115} INFO - [2023-04-26 09:32:44,552] {dag.py:2931} INFO - Setting next_dagrun for example_email_notification to 2023-04-26T00:00:00+00:00, run_after=2023-04-27T00:00:00+00:00
[2023-04-26 09:32:44,561] {processor.py:161} INFO - Processing /opt/airflow/dags/sample_dag.py took 0.155 seconds
[2023-04-26 09:33:14,643] {processor.py:153} INFO - Started process (PID=8247) to work on /opt/airflow/dags/sample_dag.py
[2023-04-26 09:33:14,645] {processor.py:641} INFO - Processing file /opt/airflow/dags/sample_dag.py for tasks to queue
[2023-04-26 09:33:14,647] {logging_mixin.py:115} INFO - [2023-04-26 09:33:14,647] {dagbag.py:507} INFO - Filling up the DagBag from /opt/airflow/dags/sample_dag.py
[2023-04-26 09:33:14,671] {processor.py:651} INFO - DAG(s) dict_keys(['example_email_notification']) retrieved from /opt/airflow/dags/sample_dag.py
[2023-04-26 09:33:14,697] {logging_mixin.py:115} INFO - [2023-04-26 09:33:14,697] {dag.py:2379} INFO - Sync 1 DAGs
[2023-04-26 09:33:14,711] {logging_mixin.py:115} INFO - [2023-04-26 09:33:14,711] {dag.py:2931} INFO - Setting next_dagrun for example_email_notification to 2023-04-26T00:00:00+00:00, run_after=2023-04-27T00:00:00+00:00
[2023-04-26 09:33:14,718] {processor.py:161} INFO - Processing /opt/airflow/dags/sample_dag.py took 0.082 seconds
[2023-04-26 09:33:44,892] {processor.py:153} INFO - Started process (PID=8275) to work on /opt/airflow/dags/sample_dag.py
[2023-04-26 09:33:44,894] {processor.py:641} INFO - Processing file /opt/airflow/dags/sample_dag.py for tasks to queue
[2023-04-26 09:33:44,896] {logging_mixin.py:115} INFO - [2023-04-26 09:33:44,896] {dagbag.py:507} INFO - Filling up the DagBag from /opt/airflow/dags/sample_dag.py
[2023-04-26 09:33:44,916] {processor.py:651} INFO - DAG(s) dict_keys(['example_email_notification']) retrieved from /opt/airflow/dags/sample_dag.py
[2023-04-26 09:33:44,941] {logging_mixin.py:115} INFO - [2023-04-26 09:33:44,941] {dag.py:2379} INFO - Sync 1 DAGs
[2023-04-26 09:33:44,955] {logging_mixin.py:115} INFO - [2023-04-26 09:33:44,955] {dag.py:2931} INFO - Setting next_dagrun for example_email_notification to 2023-04-26T00:00:00+00:00, run_after=2023-04-27T00:00:00+00:00
[2023-04-26 09:33:44,962] {processor.py:161} INFO - Processing /opt/airflow/dags/sample_dag.py took 0.076 seconds
[2023-04-26 09:34:05,060] {processor.py:153} INFO - Started process (PID=8296) to work on /opt/airflow/dags/sample_dag.py
[2023-04-26 09:34:05,061] {processor.py:641} INFO - Processing file /opt/airflow/dags/sample_dag.py for tasks to queue
[2023-04-26 09:34:05,062] {logging_mixin.py:115} INFO - [2023-04-26 09:34:05,062] {dagbag.py:507} INFO - Filling up the DagBag from /opt/airflow/dags/sample_dag.py
[2023-04-26 09:34:05,083] {processor.py:651} INFO - DAG(s) dict_keys(['example_email_notification']) retrieved from /opt/airflow/dags/sample_dag.py
[2023-04-26 09:34:05,137] {logging_mixin.py:115} INFO - [2023-04-26 09:34:05,137] {dag.py:2379} INFO - Sync 1 DAGs
[2023-04-26 09:34:05,150] {logging_mixin.py:115} INFO - [2023-04-26 09:34:05,150] {dag.py:2931} INFO - Setting next_dagrun for example_email_notification to 2023-04-26T00:00:00+00:00, run_after=2023-04-27T00:00:00+00:00
[2023-04-26 09:34:05,161] {processor.py:161} INFO - Processing /opt/airflow/dags/sample_dag.py took 0.105 seconds
[2023-04-26 09:34:35,298] {processor.py:153} INFO - Started process (PID=8325) to work on /opt/airflow/dags/sample_dag.py
[2023-04-26 09:34:35,300] {processor.py:641} INFO - Processing file /opt/airflow/dags/sample_dag.py for tasks to queue
[2023-04-26 09:34:35,301] {logging_mixin.py:115} INFO - [2023-04-26 09:34:35,301] {dagbag.py:507} INFO - Filling up the DagBag from /opt/airflow/dags/sample_dag.py
[2023-04-26 09:34:35,318] {processor.py:651} INFO - DAG(s) dict_keys(['example_email_notification']) retrieved from /opt/airflow/dags/sample_dag.py
[2023-04-26 09:34:35,343] {logging_mixin.py:115} INFO - [2023-04-26 09:34:35,343] {dag.py:2379} INFO - Sync 1 DAGs
[2023-04-26 09:34:35,356] {logging_mixin.py:115} INFO - [2023-04-26 09:34:35,356] {dag.py:2931} INFO - Setting next_dagrun for example_email_notification to 2023-04-26T00:00:00+00:00, run_after=2023-04-27T00:00:00+00:00
[2023-04-26 09:34:35,362] {processor.py:161} INFO - Processing /opt/airflow/dags/sample_dag.py took 0.071 seconds
[2023-04-26 09:35:05,591] {processor.py:153} INFO - Started process (PID=8345) to work on /opt/airflow/dags/sample_dag.py
[2023-04-26 09:35:05,593] {processor.py:641} INFO - Processing file /opt/airflow/dags/sample_dag.py for tasks to queue
[2023-04-26 09:35:05,595] {logging_mixin.py:115} INFO - [2023-04-26 09:35:05,595] {dagbag.py:507} INFO - Filling up the DagBag from /opt/airflow/dags/sample_dag.py
[2023-04-26 09:35:05,612] {processor.py:651} INFO - DAG(s) dict_keys(['example_email_notification']) retrieved from /opt/airflow/dags/sample_dag.py
[2023-04-26 09:35:05,638] {logging_mixin.py:115} INFO - [2023-04-26 09:35:05,638] {dag.py:2379} INFO - Sync 1 DAGs
[2023-04-26 09:35:05,651] {logging_mixin.py:115} INFO - [2023-04-26 09:35:05,651] {dag.py:2931} INFO - Setting next_dagrun for example_email_notification to 2023-04-26T00:00:00+00:00, run_after=2023-04-27T00:00:00+00:00
[2023-04-26 09:35:05,657] {processor.py:161} INFO - Processing /opt/airflow/dags/sample_dag.py took 0.072 seconds
[2023-04-26 09:35:35,838] {processor.py:153} INFO - Started process (PID=8375) to work on /opt/airflow/dags/sample_dag.py
[2023-04-26 09:35:35,841] {processor.py:641} INFO - Processing file /opt/airflow/dags/sample_dag.py for tasks to queue
[2023-04-26 09:35:35,843] {logging_mixin.py:115} INFO - [2023-04-26 09:35:35,843] {dagbag.py:507} INFO - Filling up the DagBag from /opt/airflow/dags/sample_dag.py
[2023-04-26 09:35:35,862] {processor.py:651} INFO - DAG(s) dict_keys(['example_email_notification']) retrieved from /opt/airflow/dags/sample_dag.py
[2023-04-26 09:35:35,888] {logging_mixin.py:115} INFO - [2023-04-26 09:35:35,888] {dag.py:2379} INFO - Sync 1 DAGs
[2023-04-26 09:35:35,900] {logging_mixin.py:115} INFO - [2023-04-26 09:35:35,900] {dag.py:2931} INFO - Setting next_dagrun for example_email_notification to 2023-04-26T00:00:00+00:00, run_after=2023-04-27T00:00:00+00:00
[2023-04-26 09:35:35,906] {processor.py:161} INFO - Processing /opt/airflow/dags/sample_dag.py took 0.073 seconds
[2023-04-26 09:36:06,060] {processor.py:153} INFO - Started process (PID=8404) to work on /opt/airflow/dags/sample_dag.py
[2023-04-26 09:36:06,062] {processor.py:641} INFO - Processing file /opt/airflow/dags/sample_dag.py for tasks to queue
[2023-04-26 09:36:06,064] {logging_mixin.py:115} INFO - [2023-04-26 09:36:06,064] {dagbag.py:507} INFO - Filling up the DagBag from /opt/airflow/dags/sample_dag.py
[2023-04-26 09:36:06,081] {processor.py:651} INFO - DAG(s) dict_keys(['example_email_notification']) retrieved from /opt/airflow/dags/sample_dag.py
[2023-04-26 09:36:06,108] {logging_mixin.py:115} INFO - [2023-04-26 09:36:06,107] {dag.py:2379} INFO - Sync 1 DAGs
[2023-04-26 09:36:06,120] {logging_mixin.py:115} INFO - [2023-04-26 09:36:06,120] {dag.py:2931} INFO - Setting next_dagrun for example_email_notification to 2023-04-26T00:00:00+00:00, run_after=2023-04-27T00:00:00+00:00
[2023-04-26 09:36:06,127] {processor.py:161} INFO - Processing /opt/airflow/dags/sample_dag.py took 0.074 seconds
[2023-04-26 09:36:36,304] {processor.py:153} INFO - Started process (PID=8434) to work on /opt/airflow/dags/sample_dag.py
[2023-04-26 09:36:36,306] {processor.py:641} INFO - Processing file /opt/airflow/dags/sample_dag.py for tasks to queue
[2023-04-26 09:36:36,308] {logging_mixin.py:115} INFO - [2023-04-26 09:36:36,308] {dagbag.py:507} INFO - Filling up the DagBag from /opt/airflow/dags/sample_dag.py
[2023-04-26 09:36:36,331] {processor.py:651} INFO - DAG(s) dict_keys(['example_email_notification']) retrieved from /opt/airflow/dags/sample_dag.py
[2023-04-26 09:36:36,361] {logging_mixin.py:115} INFO - [2023-04-26 09:36:36,360] {dag.py:2379} INFO - Sync 1 DAGs
[2023-04-26 09:36:36,376] {logging_mixin.py:115} INFO - [2023-04-26 09:36:36,376] {dag.py:2931} INFO - Setting next_dagrun for example_email_notification to 2023-04-26T00:00:00+00:00, run_after=2023-04-27T00:00:00+00:00
[2023-04-26 09:36:36,382] {processor.py:161} INFO - Processing /opt/airflow/dags/sample_dag.py took 0.088 seconds
[2023-04-26 09:37:06,517] {processor.py:153} INFO - Started process (PID=8462) to work on /opt/airflow/dags/sample_dag.py
[2023-04-26 09:37:06,519] {processor.py:641} INFO - Processing file /opt/airflow/dags/sample_dag.py for tasks to queue
[2023-04-26 09:37:06,524] {logging_mixin.py:115} INFO - [2023-04-26 09:37:06,524] {dagbag.py:507} INFO - Filling up the DagBag from /opt/airflow/dags/sample_dag.py
[2023-04-26 09:37:06,537] {processor.py:651} INFO - DAG(s) dict_keys(['example_email_notification']) retrieved from /opt/airflow/dags/sample_dag.py
[2023-04-26 09:37:06,558] {logging_mixin.py:115} INFO - [2023-04-26 09:37:06,558] {dag.py:2379} INFO - Sync 1 DAGs
[2023-04-26 09:37:06,572] {logging_mixin.py:115} INFO - [2023-04-26 09:37:06,572] {dag.py:2931} INFO - Setting next_dagrun for example_email_notification to 2023-04-26T00:00:00+00:00, run_after=2023-04-27T00:00:00+00:00
[2023-04-26 09:37:06,579] {processor.py:161} INFO - Processing /opt/airflow/dags/sample_dag.py took 0.066 seconds
[2023-04-26 09:37:36,721] {processor.py:153} INFO - Started process (PID=8483) to work on /opt/airflow/dags/sample_dag.py
[2023-04-26 09:37:36,722] {processor.py:641} INFO - Processing file /opt/airflow/dags/sample_dag.py for tasks to queue
[2023-04-26 09:37:36,723] {logging_mixin.py:115} INFO - [2023-04-26 09:37:36,723] {dagbag.py:507} INFO - Filling up the DagBag from /opt/airflow/dags/sample_dag.py
[2023-04-26 09:37:36,735] {processor.py:651} INFO - DAG(s) dict_keys(['example_email_notification']) retrieved from /opt/airflow/dags/sample_dag.py
[2023-04-26 09:37:36,756] {logging_mixin.py:115} INFO - [2023-04-26 09:37:36,756] {dag.py:2379} INFO - Sync 1 DAGs
[2023-04-26 09:37:36,768] {logging_mixin.py:115} INFO - [2023-04-26 09:37:36,768] {dag.py:2931} INFO - Setting next_dagrun for example_email_notification to 2023-04-26T00:00:00+00:00, run_after=2023-04-27T00:00:00+00:00
[2023-04-26 09:37:36,773] {processor.py:161} INFO - Processing /opt/airflow/dags/sample_dag.py took 0.056 seconds
[2023-04-26 09:38:06,925] {processor.py:153} INFO - Started process (PID=8512) to work on /opt/airflow/dags/sample_dag.py
[2023-04-26 09:38:06,927] {processor.py:641} INFO - Processing file /opt/airflow/dags/sample_dag.py for tasks to queue
[2023-04-26 09:38:06,928] {logging_mixin.py:115} INFO - [2023-04-26 09:38:06,928] {dagbag.py:507} INFO - Filling up the DagBag from /opt/airflow/dags/sample_dag.py
[2023-04-26 09:38:06,942] {processor.py:651} INFO - DAG(s) dict_keys(['example_email_notification']) retrieved from /opt/airflow/dags/sample_dag.py
[2023-04-26 09:38:06,965] {logging_mixin.py:115} INFO - [2023-04-26 09:38:06,965] {dag.py:2379} INFO - Sync 1 DAGs
[2023-04-26 09:38:06,977] {logging_mixin.py:115} INFO - [2023-04-26 09:38:06,977] {dag.py:2931} INFO - Setting next_dagrun for example_email_notification to 2023-04-26T00:00:00+00:00, run_after=2023-04-27T00:00:00+00:00
[2023-04-26 09:38:06,984] {processor.py:161} INFO - Processing /opt/airflow/dags/sample_dag.py took 0.065 seconds
[2023-04-26 09:38:37,196] {processor.py:153} INFO - Started process (PID=8541) to work on /opt/airflow/dags/sample_dag.py
[2023-04-26 09:38:37,199] {processor.py:641} INFO - Processing file /opt/airflow/dags/sample_dag.py for tasks to queue
[2023-04-26 09:38:37,201] {logging_mixin.py:115} INFO - [2023-04-26 09:38:37,201] {dagbag.py:507} INFO - Filling up the DagBag from /opt/airflow/dags/sample_dag.py
[2023-04-26 09:38:37,237] {processor.py:651} INFO - DAG(s) dict_keys(['example_email_notification']) retrieved from /opt/airflow/dags/sample_dag.py
[2023-04-26 09:38:37,296] {logging_mixin.py:115} INFO - [2023-04-26 09:38:37,296] {dag.py:2379} INFO - Sync 1 DAGs
[2023-04-26 09:38:37,316] {logging_mixin.py:115} INFO - [2023-04-26 09:38:37,316] {dag.py:2931} INFO - Setting next_dagrun for example_email_notification to 2023-04-26T00:00:00+00:00, run_after=2023-04-27T00:00:00+00:00
[2023-04-26 09:38:37,324] {processor.py:161} INFO - Processing /opt/airflow/dags/sample_dag.py took 0.137 seconds
[2023-04-26 09:39:07,501] {processor.py:153} INFO - Started process (PID=8569) to work on /opt/airflow/dags/sample_dag.py
[2023-04-26 09:39:07,503] {processor.py:641} INFO - Processing file /opt/airflow/dags/sample_dag.py for tasks to queue
[2023-04-26 09:39:07,504] {logging_mixin.py:115} INFO - [2023-04-26 09:39:07,504] {dagbag.py:507} INFO - Filling up the DagBag from /opt/airflow/dags/sample_dag.py
[2023-04-26 09:39:07,521] {processor.py:651} INFO - DAG(s) dict_keys(['example_email_notification']) retrieved from /opt/airflow/dags/sample_dag.py
[2023-04-26 09:39:07,549] {logging_mixin.py:115} INFO - [2023-04-26 09:39:07,549] {dag.py:2379} INFO - Sync 1 DAGs
[2023-04-26 09:39:07,562] {logging_mixin.py:115} INFO - [2023-04-26 09:39:07,562] {dag.py:2931} INFO - Setting next_dagrun for example_email_notification to 2023-04-26T00:00:00+00:00, run_after=2023-04-27T00:00:00+00:00
[2023-04-26 09:39:07,569] {processor.py:161} INFO - Processing /opt/airflow/dags/sample_dag.py took 0.074 seconds
[2023-04-26 09:39:37,725] {processor.py:153} INFO - Started process (PID=8599) to work on /opt/airflow/dags/sample_dag.py
[2023-04-26 09:39:37,727] {processor.py:641} INFO - Processing file /opt/airflow/dags/sample_dag.py for tasks to queue
[2023-04-26 09:39:37,728] {logging_mixin.py:115} INFO - [2023-04-26 09:39:37,728] {dagbag.py:507} INFO - Filling up the DagBag from /opt/airflow/dags/sample_dag.py
[2023-04-26 09:39:37,743] {processor.py:651} INFO - DAG(s) dict_keys(['example_email_notification']) retrieved from /opt/airflow/dags/sample_dag.py
[2023-04-26 09:39:37,787] {logging_mixin.py:115} INFO - [2023-04-26 09:39:37,787] {dag.py:2379} INFO - Sync 1 DAGs
[2023-04-26 09:39:37,823] {logging_mixin.py:115} INFO - [2023-04-26 09:39:37,823] {dag.py:2931} INFO - Setting next_dagrun for example_email_notification to 2023-04-26T00:00:00+00:00, run_after=2023-04-27T00:00:00+00:00
[2023-04-26 09:39:37,843] {processor.py:161} INFO - Processing /opt/airflow/dags/sample_dag.py took 0.123 seconds
[2023-04-26 09:40:08,063] {processor.py:153} INFO - Started process (PID=8620) to work on /opt/airflow/dags/sample_dag.py
[2023-04-26 09:40:08,066] {processor.py:641} INFO - Processing file /opt/airflow/dags/sample_dag.py for tasks to queue
[2023-04-26 09:40:08,068] {logging_mixin.py:115} INFO - [2023-04-26 09:40:08,068] {dagbag.py:507} INFO - Filling up the DagBag from /opt/airflow/dags/sample_dag.py
[2023-04-26 09:40:08,090] {processor.py:651} INFO - DAG(s) dict_keys(['example_email_notification']) retrieved from /opt/airflow/dags/sample_dag.py
[2023-04-26 09:40:08,122] {logging_mixin.py:115} INFO - [2023-04-26 09:40:08,121] {dag.py:2379} INFO - Sync 1 DAGs
[2023-04-26 09:40:08,137] {logging_mixin.py:115} INFO - [2023-04-26 09:40:08,137] {dag.py:2931} INFO - Setting next_dagrun for example_email_notification to 2023-04-26T00:00:00+00:00, run_after=2023-04-27T00:00:00+00:00
[2023-04-26 09:40:08,145] {processor.py:161} INFO - Processing /opt/airflow/dags/sample_dag.py took 0.091 seconds
[2023-04-26 09:40:38,338] {processor.py:153} INFO - Started process (PID=8650) to work on /opt/airflow/dags/sample_dag.py
[2023-04-26 09:40:38,340] {processor.py:641} INFO - Processing file /opt/airflow/dags/sample_dag.py for tasks to queue
[2023-04-26 09:40:38,341] {logging_mixin.py:115} INFO - [2023-04-26 09:40:38,341] {dagbag.py:507} INFO - Filling up the DagBag from /opt/airflow/dags/sample_dag.py
[2023-04-26 09:40:38,370] {processor.py:651} INFO - DAG(s) dict_keys(['example_email_notification']) retrieved from /opt/airflow/dags/sample_dag.py
[2023-04-26 09:40:38,406] {logging_mixin.py:115} INFO - [2023-04-26 09:40:38,406] {dag.py:2379} INFO - Sync 1 DAGs
[2023-04-26 09:40:38,423] {logging_mixin.py:115} INFO - [2023-04-26 09:40:38,423] {dag.py:2931} INFO - Setting next_dagrun for example_email_notification to 2023-04-26T00:00:00+00:00, run_after=2023-04-27T00:00:00+00:00
[2023-04-26 09:40:38,430] {processor.py:161} INFO - Processing /opt/airflow/dags/sample_dag.py took 0.097 seconds
[2023-04-26 09:41:29,986] {processor.py:153} INFO - Started process (PID=33) to work on /opt/airflow/dags/sample_dag.py
[2023-04-26 09:41:30,000] {processor.py:641} INFO - Processing file /opt/airflow/dags/sample_dag.py for tasks to queue
[2023-04-26 09:41:30,001] {logging_mixin.py:115} INFO - [2023-04-26 09:41:30,001] {dagbag.py:507} INFO - Filling up the DagBag from /opt/airflow/dags/sample_dag.py
[2023-04-26 09:41:30,069] {processor.py:651} INFO - DAG(s) dict_keys(['example_email_notification']) retrieved from /opt/airflow/dags/sample_dag.py
[2023-04-26 09:41:30,564] {logging_mixin.py:115} INFO - [2023-04-26 09:41:30,564] {manager.py:508} INFO - Created Permission View: can delete on DAG:example_email_notification
[2023-04-26 09:41:30,581] {logging_mixin.py:115} INFO - [2023-04-26 09:41:30,581] {manager.py:508} INFO - Created Permission View: can edit on DAG:example_email_notification
[2023-04-26 09:41:30,587] {logging_mixin.py:115} INFO - [2023-04-26 09:41:30,587] {manager.py:508} INFO - Created Permission View: can read on DAG:example_email_notification
[2023-04-26 09:41:30,588] {logging_mixin.py:115} INFO - [2023-04-26 09:41:30,588] {dag.py:2379} INFO - Sync 1 DAGs
[2023-04-26 09:41:30,596] {logging_mixin.py:115} INFO - [2023-04-26 09:41:30,596] {dag.py:2398} INFO - Creating ORM DAG for example_email_notification
[2023-04-26 09:41:30,613] {logging_mixin.py:115} INFO - [2023-04-26 09:41:30,613] {dag.py:2931} INFO - Setting next_dagrun for example_email_notification to 2023-04-26T00:00:00+00:00, run_after=2023-04-27T00:00:00+00:00
[2023-04-26 09:41:30,625] {processor.py:161} INFO - Processing /opt/airflow/dags/sample_dag.py took 0.642 seconds
[2023-04-26 09:42:00,827] {processor.py:153} INFO - Started process (PID=62) to work on /opt/airflow/dags/sample_dag.py
[2023-04-26 09:42:00,829] {processor.py:641} INFO - Processing file /opt/airflow/dags/sample_dag.py for tasks to queue
[2023-04-26 09:42:00,830] {logging_mixin.py:115} INFO - [2023-04-26 09:42:00,830] {dagbag.py:507} INFO - Filling up the DagBag from /opt/airflow/dags/sample_dag.py
[2023-04-26 09:42:00,847] {processor.py:651} INFO - DAG(s) dict_keys(['example_email_notification']) retrieved from /opt/airflow/dags/sample_dag.py
[2023-04-26 09:42:00,884] {logging_mixin.py:115} INFO - [2023-04-26 09:42:00,884] {dag.py:2379} INFO - Sync 1 DAGs
[2023-04-26 09:42:01,061] {logging_mixin.py:115} INFO - [2023-04-26 09:42:01,061] {dag.py:2931} INFO - Setting next_dagrun for example_email_notification to 2023-04-26T00:00:00+00:00, run_after=2023-04-27T00:00:00+00:00
[2023-04-26 09:42:01,069] {processor.py:161} INFO - Processing /opt/airflow/dags/sample_dag.py took 0.251 seconds
[2023-04-26 09:42:31,227] {processor.py:153} INFO - Started process (PID=91) to work on /opt/airflow/dags/sample_dag.py
[2023-04-26 09:42:31,229] {processor.py:641} INFO - Processing file /opt/airflow/dags/sample_dag.py for tasks to queue
[2023-04-26 09:42:31,230] {logging_mixin.py:115} INFO - [2023-04-26 09:42:31,230] {dagbag.py:507} INFO - Filling up the DagBag from /opt/airflow/dags/sample_dag.py
[2023-04-26 09:42:31,245] {processor.py:651} INFO - DAG(s) dict_keys(['example_email_notification']) retrieved from /opt/airflow/dags/sample_dag.py
[2023-04-26 09:42:31,272] {logging_mixin.py:115} INFO - [2023-04-26 09:42:31,272] {dag.py:2379} INFO - Sync 1 DAGs
[2023-04-26 09:42:31,388] {logging_mixin.py:115} INFO - [2023-04-26 09:42:31,388] {dag.py:2931} INFO - Setting next_dagrun for example_email_notification to 2023-04-26T00:00:00+00:00, run_after=2023-04-27T00:00:00+00:00
[2023-04-26 09:42:31,395] {processor.py:161} INFO - Processing /opt/airflow/dags/sample_dag.py took 0.172 seconds
[2023-04-26 09:43:01,591] {processor.py:153} INFO - Started process (PID=120) to work on /opt/airflow/dags/sample_dag.py
[2023-04-26 09:43:01,594] {processor.py:641} INFO - Processing file /opt/airflow/dags/sample_dag.py for tasks to queue
[2023-04-26 09:43:01,595] {logging_mixin.py:115} INFO - [2023-04-26 09:43:01,595] {dagbag.py:507} INFO - Filling up the DagBag from /opt/airflow/dags/sample_dag.py
[2023-04-26 09:43:01,627] {processor.py:651} INFO - DAG(s) dict_keys(['example_email_notification']) retrieved from /opt/airflow/dags/sample_dag.py
[2023-04-26 09:43:01,655] {logging_mixin.py:115} INFO - [2023-04-26 09:43:01,655] {dag.py:2379} INFO - Sync 1 DAGs
[2023-04-26 09:43:01,824] {logging_mixin.py:115} INFO - [2023-04-26 09:43:01,824] {dag.py:2931} INFO - Setting next_dagrun for example_email_notification to 2023-04-26T00:00:00+00:00, run_after=2023-04-27T00:00:00+00:00
[2023-04-26 09:43:01,831] {processor.py:161} INFO - Processing /opt/airflow/dags/sample_dag.py took 0.249 seconds
[2023-04-26 09:43:31,990] {processor.py:153} INFO - Started process (PID=140) to work on /opt/airflow/dags/sample_dag.py
[2023-04-26 09:43:31,993] {processor.py:641} INFO - Processing file /opt/airflow/dags/sample_dag.py for tasks to queue
[2023-04-26 09:43:31,994] {logging_mixin.py:115} INFO - [2023-04-26 09:43:31,994] {dagbag.py:507} INFO - Filling up the DagBag from /opt/airflow/dags/sample_dag.py
[2023-04-26 09:43:32,018] {processor.py:651} INFO - DAG(s) dict_keys(['example_email_notification']) retrieved from /opt/airflow/dags/sample_dag.py
[2023-04-26 09:43:32,054] {logging_mixin.py:115} INFO - [2023-04-26 09:43:32,054] {dag.py:2379} INFO - Sync 1 DAGs
[2023-04-26 09:43:32,257] {logging_mixin.py:115} INFO - [2023-04-26 09:43:32,257] {dag.py:2931} INFO - Setting next_dagrun for example_email_notification to 2023-04-26T00:00:00+00:00, run_after=2023-04-27T00:00:00+00:00
[2023-04-26 09:43:32,272] {processor.py:161} INFO - Processing /opt/airflow/dags/sample_dag.py took 0.290 seconds
[2023-04-26 09:44:11,366] {processor.py:153} INFO - Started process (PID=33) to work on /opt/airflow/dags/sample_dag.py
[2023-04-26 09:44:11,369] {processor.py:641} INFO - Processing file /opt/airflow/dags/sample_dag.py for tasks to queue
[2023-04-26 09:44:11,370] {logging_mixin.py:115} INFO - [2023-04-26 09:44:11,370] {dagbag.py:507} INFO - Filling up the DagBag from /opt/airflow/dags/sample_dag.py
[2023-04-26 09:44:11,444] {processor.py:651} INFO - DAG(s) dict_keys(['example_email_notification']) retrieved from /opt/airflow/dags/sample_dag.py
[2023-04-26 09:44:11,814] {logging_mixin.py:115} INFO - [2023-04-26 09:44:11,814] {manager.py:508} INFO - Created Permission View: can delete on DAG:example_email_notification
[2023-04-26 09:44:11,823] {logging_mixin.py:115} INFO - [2023-04-26 09:44:11,822] {manager.py:508} INFO - Created Permission View: can read on DAG:example_email_notification
[2023-04-26 09:44:11,827] {logging_mixin.py:115} INFO - [2023-04-26 09:44:11,827] {manager.py:508} INFO - Created Permission View: can edit on DAG:example_email_notification
[2023-04-26 09:44:11,828] {logging_mixin.py:115} INFO - [2023-04-26 09:44:11,828] {dag.py:2379} INFO - Sync 1 DAGs
[2023-04-26 09:44:11,834] {logging_mixin.py:115} INFO - [2023-04-26 09:44:11,834] {dag.py:2398} INFO - Creating ORM DAG for example_email_notification
[2023-04-26 09:44:11,845] {logging_mixin.py:115} INFO - [2023-04-26 09:44:11,845] {dag.py:2931} INFO - Setting next_dagrun for example_email_notification to 2023-04-26T00:00:00+00:00, run_after=2023-04-27T00:00:00+00:00
[2023-04-26 09:44:11,858] {processor.py:161} INFO - Processing /opt/airflow/dags/sample_dag.py took 0.497 seconds
[2023-04-26 09:44:42,042] {processor.py:153} INFO - Started process (PID=62) to work on /opt/airflow/dags/sample_dag.py
[2023-04-26 09:44:42,044] {processor.py:641} INFO - Processing file /opt/airflow/dags/sample_dag.py for tasks to queue
[2023-04-26 09:44:42,046] {logging_mixin.py:115} INFO - [2023-04-26 09:44:42,046] {dagbag.py:507} INFO - Filling up the DagBag from /opt/airflow/dags/sample_dag.py
[2023-04-26 09:44:42,063] {processor.py:651} INFO - DAG(s) dict_keys(['example_email_notification']) retrieved from /opt/airflow/dags/sample_dag.py
[2023-04-26 09:44:42,095] {logging_mixin.py:115} INFO - [2023-04-26 09:44:42,095] {dag.py:2379} INFO - Sync 1 DAGs
[2023-04-26 09:44:42,242] {logging_mixin.py:115} INFO - [2023-04-26 09:44:42,242] {dag.py:2931} INFO - Setting next_dagrun for example_email_notification to 2023-04-26T00:00:00+00:00, run_after=2023-04-27T00:00:00+00:00
[2023-04-26 09:44:42,250] {processor.py:161} INFO - Processing /opt/airflow/dags/sample_dag.py took 0.216 seconds
[2023-04-26 09:45:12,419] {processor.py:153} INFO - Started process (PID=91) to work on /opt/airflow/dags/sample_dag.py
[2023-04-26 09:45:12,422] {processor.py:641} INFO - Processing file /opt/airflow/dags/sample_dag.py for tasks to queue
[2023-04-26 09:45:12,424] {logging_mixin.py:115} INFO - [2023-04-26 09:45:12,424] {dagbag.py:507} INFO - Filling up the DagBag from /opt/airflow/dags/sample_dag.py
[2023-04-26 09:45:12,446] {processor.py:651} INFO - DAG(s) dict_keys(['example_email_notification']) retrieved from /opt/airflow/dags/sample_dag.py
[2023-04-26 09:45:12,474] {logging_mixin.py:115} INFO - [2023-04-26 09:45:12,474] {dag.py:2379} INFO - Sync 1 DAGs
[2023-04-26 09:45:12,611] {logging_mixin.py:115} INFO - [2023-04-26 09:45:12,611] {dag.py:2931} INFO - Setting next_dagrun for example_email_notification to 2023-04-26T00:00:00+00:00, run_after=2023-04-27T00:00:00+00:00
[2023-04-26 09:45:12,619] {processor.py:161} INFO - Processing /opt/airflow/dags/sample_dag.py took 0.208 seconds
[2023-04-26 09:45:42,772] {processor.py:153} INFO - Started process (PID=119) to work on /opt/airflow/dags/sample_dag.py
[2023-04-26 09:45:42,775] {processor.py:641} INFO - Processing file /opt/airflow/dags/sample_dag.py for tasks to queue
[2023-04-26 09:45:42,778] {logging_mixin.py:115} INFO - [2023-04-26 09:45:42,778] {dagbag.py:507} INFO - Filling up the DagBag from /opt/airflow/dags/sample_dag.py
[2023-04-26 09:45:42,796] {processor.py:651} INFO - DAG(s) dict_keys(['example_email_notification']) retrieved from /opt/airflow/dags/sample_dag.py
[2023-04-26 09:45:42,834] {logging_mixin.py:115} INFO - [2023-04-26 09:45:42,834] {dag.py:2379} INFO - Sync 1 DAGs
[2023-04-26 09:45:42,970] {logging_mixin.py:115} INFO - [2023-04-26 09:45:42,969] {dag.py:2931} INFO - Setting next_dagrun for example_email_notification to 2023-04-26T00:00:00+00:00, run_after=2023-04-27T00:00:00+00:00
[2023-04-26 09:45:42,979] {processor.py:161} INFO - Processing /opt/airflow/dags/sample_dag.py took 0.211 seconds
[2023-04-26 09:46:13,156] {processor.py:153} INFO - Started process (PID=139) to work on /opt/airflow/dags/sample_dag.py
[2023-04-26 09:46:13,159] {processor.py:641} INFO - Processing file /opt/airflow/dags/sample_dag.py for tasks to queue
[2023-04-26 09:46:13,160] {logging_mixin.py:115} INFO - [2023-04-26 09:46:13,160] {dagbag.py:507} INFO - Filling up the DagBag from /opt/airflow/dags/sample_dag.py
[2023-04-26 09:46:13,182] {processor.py:651} INFO - DAG(s) dict_keys(['example_email_notification']) retrieved from /opt/airflow/dags/sample_dag.py
[2023-04-26 09:46:13,234] {logging_mixin.py:115} INFO - [2023-04-26 09:46:13,234] {dag.py:2379} INFO - Sync 1 DAGs
[2023-04-26 09:46:13,438] {logging_mixin.py:115} INFO - [2023-04-26 09:46:13,438] {dag.py:2931} INFO - Setting next_dagrun for example_email_notification to 2023-04-26T00:00:00+00:00, run_after=2023-04-27T00:00:00+00:00
[2023-04-26 09:46:13,461] {processor.py:161} INFO - Processing /opt/airflow/dags/sample_dag.py took 0.312 seconds
[2023-04-26 09:46:43,655] {processor.py:153} INFO - Started process (PID=168) to work on /opt/airflow/dags/sample_dag.py
[2023-04-26 09:46:43,657] {processor.py:641} INFO - Processing file /opt/airflow/dags/sample_dag.py for tasks to queue
[2023-04-26 09:46:43,659] {logging_mixin.py:115} INFO - [2023-04-26 09:46:43,658] {dagbag.py:507} INFO - Filling up the DagBag from /opt/airflow/dags/sample_dag.py
[2023-04-26 09:46:43,677] {processor.py:651} INFO - DAG(s) dict_keys(['example_email_notification']) retrieved from /opt/airflow/dags/sample_dag.py
[2023-04-26 09:46:43,705] {logging_mixin.py:115} INFO - [2023-04-26 09:46:43,705] {dag.py:2379} INFO - Sync 1 DAGs
[2023-04-26 09:46:43,881] {logging_mixin.py:115} INFO - [2023-04-26 09:46:43,881] {dag.py:2931} INFO - Setting next_dagrun for example_email_notification to 2023-04-26T00:00:00+00:00, run_after=2023-04-27T00:00:00+00:00
[2023-04-26 09:46:43,888] {processor.py:161} INFO - Processing /opt/airflow/dags/sample_dag.py took 0.242 seconds
[2023-04-26 09:47:14,051] {processor.py:153} INFO - Started process (PID=197) to work on /opt/airflow/dags/sample_dag.py
[2023-04-26 09:47:14,053] {processor.py:641} INFO - Processing file /opt/airflow/dags/sample_dag.py for tasks to queue
[2023-04-26 09:47:14,054] {logging_mixin.py:115} INFO - [2023-04-26 09:47:14,054] {dagbag.py:507} INFO - Filling up the DagBag from /opt/airflow/dags/sample_dag.py
[2023-04-26 09:47:14,072] {processor.py:651} INFO - DAG(s) dict_keys(['example_email_notification']) retrieved from /opt/airflow/dags/sample_dag.py
[2023-04-26 09:47:14,110] {logging_mixin.py:115} INFO - [2023-04-26 09:47:14,110] {dag.py:2379} INFO - Sync 1 DAGs
[2023-04-26 09:47:14,254] {logging_mixin.py:115} INFO - [2023-04-26 09:47:14,254] {dag.py:2931} INFO - Setting next_dagrun for example_email_notification to 2023-04-26T00:00:00+00:00, run_after=2023-04-27T00:00:00+00:00
[2023-04-26 09:47:14,263] {processor.py:161} INFO - Processing /opt/airflow/dags/sample_dag.py took 0.217 seconds
[2023-04-26 09:48:03,599] {processor.py:153} INFO - Started process (PID=33) to work on /opt/airflow/dags/sample_dag.py
[2023-04-26 09:48:03,604] {processor.py:641} INFO - Processing file /opt/airflow/dags/sample_dag.py for tasks to queue
[2023-04-26 09:48:03,619] {logging_mixin.py:115} INFO - [2023-04-26 09:48:03,619] {dagbag.py:507} INFO - Filling up the DagBag from /opt/airflow/dags/sample_dag.py
[2023-04-26 09:48:03,691] {processor.py:651} INFO - DAG(s) dict_keys(['example_email_notification']) retrieved from /opt/airflow/dags/sample_dag.py
[2023-04-26 09:48:04,115] {logging_mixin.py:115} INFO - [2023-04-26 09:48:04,114] {manager.py:508} INFO - Created Permission View: can read on DAG:example_email_notification
[2023-04-26 09:48:04,129] {logging_mixin.py:115} INFO - [2023-04-26 09:48:04,129] {manager.py:508} INFO - Created Permission View: can delete on DAG:example_email_notification
[2023-04-26 09:48:04,142] {logging_mixin.py:115} INFO - [2023-04-26 09:48:04,142] {manager.py:508} INFO - Created Permission View: can edit on DAG:example_email_notification
[2023-04-26 09:48:04,143] {logging_mixin.py:115} INFO - [2023-04-26 09:48:04,143] {dag.py:2379} INFO - Sync 1 DAGs
[2023-04-26 09:48:04,155] {logging_mixin.py:115} INFO - [2023-04-26 09:48:04,155] {dag.py:2398} INFO - Creating ORM DAG for example_email_notification
[2023-04-26 09:48:04,171] {logging_mixin.py:115} INFO - [2023-04-26 09:48:04,171] {dag.py:2931} INFO - Setting next_dagrun for example_email_notification to 2023-04-26T00:00:00+00:00, run_after=2023-04-27T00:00:00+00:00
[2023-04-26 09:48:04,195] {processor.py:161} INFO - Processing /opt/airflow/dags/sample_dag.py took 0.600 seconds
[2023-04-26 09:48:34,400] {processor.py:153} INFO - Started process (PID=63) to work on /opt/airflow/dags/sample_dag.py
[2023-04-26 09:48:34,403] {processor.py:641} INFO - Processing file /opt/airflow/dags/sample_dag.py for tasks to queue
[2023-04-26 09:48:34,405] {logging_mixin.py:115} INFO - [2023-04-26 09:48:34,405] {dagbag.py:507} INFO - Filling up the DagBag from /opt/airflow/dags/sample_dag.py
[2023-04-26 09:48:34,426] {processor.py:651} INFO - DAG(s) dict_keys(['example_email_notification']) retrieved from /opt/airflow/dags/sample_dag.py
[2023-04-26 09:48:34,454] {logging_mixin.py:115} INFO - [2023-04-26 09:48:34,453] {dag.py:2379} INFO - Sync 1 DAGs
[2023-04-26 09:48:34,648] {logging_mixin.py:115} INFO - [2023-04-26 09:48:34,648] {dag.py:2931} INFO - Setting next_dagrun for example_email_notification to 2023-04-26T00:00:00+00:00, run_after=2023-04-27T00:00:00+00:00
[2023-04-26 09:48:34,656] {processor.py:161} INFO - Processing /opt/airflow/dags/sample_dag.py took 0.265 seconds
[2023-04-26 09:49:04,826] {processor.py:153} INFO - Started process (PID=92) to work on /opt/airflow/dags/sample_dag.py
[2023-04-26 09:49:04,828] {processor.py:641} INFO - Processing file /opt/airflow/dags/sample_dag.py for tasks to queue
[2023-04-26 09:49:04,830] {logging_mixin.py:115} INFO - [2023-04-26 09:49:04,830] {dagbag.py:507} INFO - Filling up the DagBag from /opt/airflow/dags/sample_dag.py
[2023-04-26 09:49:04,858] {processor.py:651} INFO - DAG(s) dict_keys(['example_email_notification']) retrieved from /opt/airflow/dags/sample_dag.py
[2023-04-26 09:49:04,887] {logging_mixin.py:115} INFO - [2023-04-26 09:49:04,887] {dag.py:2379} INFO - Sync 1 DAGs
[2023-04-26 09:49:05,035] {logging_mixin.py:115} INFO - [2023-04-26 09:49:05,035] {dag.py:2931} INFO - Setting next_dagrun for example_email_notification to 2023-04-26T00:00:00+00:00, run_after=2023-04-27T00:00:00+00:00
[2023-04-26 09:49:05,043] {processor.py:161} INFO - Processing /opt/airflow/dags/sample_dag.py took 0.223 seconds
[2023-04-26 09:49:35,249] {processor.py:153} INFO - Started process (PID=121) to work on /opt/airflow/dags/sample_dag.py
[2023-04-26 09:49:35,251] {processor.py:641} INFO - Processing file /opt/airflow/dags/sample_dag.py for tasks to queue
[2023-04-26 09:49:35,252] {logging_mixin.py:115} INFO - [2023-04-26 09:49:35,252] {dagbag.py:507} INFO - Filling up the DagBag from /opt/airflow/dags/sample_dag.py
[2023-04-26 09:49:35,272] {processor.py:651} INFO - DAG(s) dict_keys(['example_email_notification']) retrieved from /opt/airflow/dags/sample_dag.py
[2023-04-26 09:49:35,303] {logging_mixin.py:115} INFO - [2023-04-26 09:49:35,303] {dag.py:2379} INFO - Sync 1 DAGs
[2023-04-26 09:49:35,495] {logging_mixin.py:115} INFO - [2023-04-26 09:49:35,494] {dag.py:2931} INFO - Setting next_dagrun for example_email_notification to 2023-04-26T00:00:00+00:00, run_after=2023-04-27T00:00:00+00:00
[2023-04-26 09:49:35,513] {processor.py:161} INFO - Processing /opt/airflow/dags/sample_dag.py took 0.271 seconds
[2023-04-26 09:50:05,717] {processor.py:153} INFO - Started process (PID=150) to work on /opt/airflow/dags/sample_dag.py
[2023-04-26 09:50:05,718] {processor.py:641} INFO - Processing file /opt/airflow/dags/sample_dag.py for tasks to queue
[2023-04-26 09:50:05,720] {logging_mixin.py:115} INFO - [2023-04-26 09:50:05,720] {dagbag.py:507} INFO - Filling up the DagBag from /opt/airflow/dags/sample_dag.py
[2023-04-26 09:50:05,741] {processor.py:651} INFO - DAG(s) dict_keys(['example_email_notification']) retrieved from /opt/airflow/dags/sample_dag.py
[2023-04-26 09:50:05,770] {logging_mixin.py:115} INFO - [2023-04-26 09:50:05,770] {dag.py:2379} INFO - Sync 1 DAGs
[2023-04-26 09:50:05,983] {logging_mixin.py:115} INFO - [2023-04-26 09:50:05,983] {dag.py:2931} INFO - Setting next_dagrun for example_email_notification to 2023-04-26T00:00:00+00:00, run_after=2023-04-27T00:00:00+00:00
[2023-04-26 09:50:05,993] {processor.py:161} INFO - Processing /opt/airflow/dags/sample_dag.py took 0.281 seconds
[2023-04-26 09:50:36,141] {processor.py:153} INFO - Started process (PID=170) to work on /opt/airflow/dags/sample_dag.py
[2023-04-26 09:50:36,143] {processor.py:641} INFO - Processing file /opt/airflow/dags/sample_dag.py for tasks to queue
[2023-04-26 09:50:36,144] {logging_mixin.py:115} INFO - [2023-04-26 09:50:36,144] {dagbag.py:507} INFO - Filling up the DagBag from /opt/airflow/dags/sample_dag.py
[2023-04-26 09:50:36,161] {processor.py:651} INFO - DAG(s) dict_keys(['example_email_notification']) retrieved from /opt/airflow/dags/sample_dag.py
[2023-04-26 09:50:36,185] {logging_mixin.py:115} INFO - [2023-04-26 09:50:36,185] {dag.py:2379} INFO - Sync 1 DAGs
[2023-04-26 09:50:36,307] {logging_mixin.py:115} INFO - [2023-04-26 09:50:36,307] {dag.py:2931} INFO - Setting next_dagrun for example_email_notification to 2023-04-26T00:00:00+00:00, run_after=2023-04-27T00:00:00+00:00
[2023-04-26 09:50:36,314] {processor.py:161} INFO - Processing /opt/airflow/dags/sample_dag.py took 0.178 seconds
[2023-04-26 09:51:06,467] {processor.py:153} INFO - Started process (PID=199) to work on /opt/airflow/dags/sample_dag.py
[2023-04-26 09:51:06,470] {processor.py:641} INFO - Processing file /opt/airflow/dags/sample_dag.py for tasks to queue
[2023-04-26 09:51:06,471] {logging_mixin.py:115} INFO - [2023-04-26 09:51:06,471] {dagbag.py:507} INFO - Filling up the DagBag from /opt/airflow/dags/sample_dag.py
[2023-04-26 09:51:06,486] {processor.py:651} INFO - DAG(s) dict_keys(['example_email_notification']) retrieved from /opt/airflow/dags/sample_dag.py
[2023-04-26 09:51:06,512] {logging_mixin.py:115} INFO - [2023-04-26 09:51:06,512] {dag.py:2379} INFO - Sync 1 DAGs
[2023-04-26 09:51:06,605] {logging_mixin.py:115} INFO - [2023-04-26 09:51:06,605] {dag.py:2931} INFO - Setting next_dagrun for example_email_notification to 2023-04-26T00:00:00+00:00, run_after=2023-04-27T00:00:00+00:00
[2023-04-26 09:51:06,612] {processor.py:161} INFO - Processing /opt/airflow/dags/sample_dag.py took 0.151 seconds
[2023-04-26 09:51:36,747] {processor.py:153} INFO - Started process (PID=227) to work on /opt/airflow/dags/sample_dag.py
[2023-04-26 09:51:36,751] {processor.py:641} INFO - Processing file /opt/airflow/dags/sample_dag.py for tasks to queue
[2023-04-26 09:51:36,752] {logging_mixin.py:115} INFO - [2023-04-26 09:51:36,752] {dagbag.py:507} INFO - Filling up the DagBag from /opt/airflow/dags/sample_dag.py
[2023-04-26 09:51:36,767] {processor.py:651} INFO - DAG(s) dict_keys(['example_email_notification']) retrieved from /opt/airflow/dags/sample_dag.py
[2023-04-26 09:51:36,792] {logging_mixin.py:115} INFO - [2023-04-26 09:51:36,792] {dag.py:2379} INFO - Sync 1 DAGs
[2023-04-26 09:51:36,888] {logging_mixin.py:115} INFO - [2023-04-26 09:51:36,888] {dag.py:2931} INFO - Setting next_dagrun for example_email_notification to 2023-04-26T00:00:00+00:00, run_after=2023-04-27T00:00:00+00:00
[2023-04-26 09:51:36,894] {processor.py:161} INFO - Processing /opt/airflow/dags/sample_dag.py took 0.153 seconds
[2023-04-26 09:52:07,024] {processor.py:153} INFO - Started process (PID=256) to work on /opt/airflow/dags/sample_dag.py
[2023-04-26 09:52:07,025] {processor.py:641} INFO - Processing file /opt/airflow/dags/sample_dag.py for tasks to queue
[2023-04-26 09:52:07,026] {logging_mixin.py:115} INFO - [2023-04-26 09:52:07,026] {dagbag.py:507} INFO - Filling up the DagBag from /opt/airflow/dags/sample_dag.py
[2023-04-26 09:52:07,045] {processor.py:651} INFO - DAG(s) dict_keys(['example_email_notification']) retrieved from /opt/airflow/dags/sample_dag.py
[2023-04-26 09:52:07,074] {logging_mixin.py:115} INFO - [2023-04-26 09:52:07,074] {dag.py:2379} INFO - Sync 1 DAGs
[2023-04-26 09:52:07,235] {logging_mixin.py:115} INFO - [2023-04-26 09:52:07,235] {dag.py:2931} INFO - Setting next_dagrun for example_email_notification to 2023-04-26T00:00:00+00:00, run_after=2023-04-27T00:00:00+00:00
[2023-04-26 09:52:07,243] {processor.py:161} INFO - Processing /opt/airflow/dags/sample_dag.py took 0.223 seconds
[2023-04-26 09:52:37,433] {processor.py:153} INFO - Started process (PID=285) to work on /opt/airflow/dags/sample_dag.py
[2023-04-26 09:52:37,434] {processor.py:641} INFO - Processing file /opt/airflow/dags/sample_dag.py for tasks to queue
[2023-04-26 09:52:37,435] {logging_mixin.py:115} INFO - [2023-04-26 09:52:37,435] {dagbag.py:507} INFO - Filling up the DagBag from /opt/airflow/dags/sample_dag.py
[2023-04-26 09:52:37,446] {processor.py:651} INFO - DAG(s) dict_keys(['example_email_notification']) retrieved from /opt/airflow/dags/sample_dag.py
[2023-04-26 09:52:37,468] {logging_mixin.py:115} INFO - [2023-04-26 09:52:37,468] {dag.py:2379} INFO - Sync 1 DAGs
[2023-04-26 09:52:37,612] {logging_mixin.py:115} INFO - [2023-04-26 09:52:37,612] {dag.py:2931} INFO - Setting next_dagrun for example_email_notification to 2023-04-26T00:00:00+00:00, run_after=2023-04-27T00:00:00+00:00
[2023-04-26 09:52:37,624] {processor.py:161} INFO - Processing /opt/airflow/dags/sample_dag.py took 0.195 seconds
[2023-04-26 09:53:07,926] {processor.py:153} INFO - Started process (PID=304) to work on /opt/airflow/dags/sample_dag.py
[2023-04-26 09:53:07,928] {processor.py:641} INFO - Processing file /opt/airflow/dags/sample_dag.py for tasks to queue
[2023-04-26 09:53:07,929] {logging_mixin.py:115} INFO - [2023-04-26 09:53:07,929] {dagbag.py:507} INFO - Filling up the DagBag from /opt/airflow/dags/sample_dag.py
[2023-04-26 09:53:07,949] {processor.py:651} INFO - DAG(s) dict_keys(['example_email_notification']) retrieved from /opt/airflow/dags/sample_dag.py
[2023-04-26 09:53:07,976] {logging_mixin.py:115} INFO - [2023-04-26 09:53:07,976] {dag.py:2379} INFO - Sync 1 DAGs
[2023-04-26 09:53:08,100] {logging_mixin.py:115} INFO - [2023-04-26 09:53:08,100] {dag.py:2931} INFO - Setting next_dagrun for example_email_notification to 2023-04-26T00:00:00+00:00, run_after=2023-04-27T00:00:00+00:00
[2023-04-26 09:53:08,106] {processor.py:161} INFO - Processing /opt/airflow/dags/sample_dag.py took 0.187 seconds
[2023-04-26 09:53:38,251] {processor.py:153} INFO - Started process (PID=333) to work on /opt/airflow/dags/sample_dag.py
[2023-04-26 09:53:38,254] {processor.py:641} INFO - Processing file /opt/airflow/dags/sample_dag.py for tasks to queue
[2023-04-26 09:53:38,255] {logging_mixin.py:115} INFO - [2023-04-26 09:53:38,255] {dagbag.py:507} INFO - Filling up the DagBag from /opt/airflow/dags/sample_dag.py
[2023-04-26 09:53:38,273] {processor.py:651} INFO - DAG(s) dict_keys(['example_email_notification']) retrieved from /opt/airflow/dags/sample_dag.py
[2023-04-26 09:53:38,310] {logging_mixin.py:115} INFO - [2023-04-26 09:53:38,310] {dag.py:2379} INFO - Sync 1 DAGs
[2023-04-26 09:53:38,427] {logging_mixin.py:115} INFO - [2023-04-26 09:53:38,427] {dag.py:2931} INFO - Setting next_dagrun for example_email_notification to 2023-04-26T00:00:00+00:00, run_after=2023-04-27T00:00:00+00:00
[2023-04-26 09:53:38,434] {processor.py:161} INFO - Processing /opt/airflow/dags/sample_dag.py took 0.188 seconds
[2023-04-26 09:54:08,635] {processor.py:153} INFO - Started process (PID=360) to work on /opt/airflow/dags/sample_dag.py
[2023-04-26 09:54:08,637] {processor.py:641} INFO - Processing file /opt/airflow/dags/sample_dag.py for tasks to queue
[2023-04-26 09:54:08,638] {logging_mixin.py:115} INFO - [2023-04-26 09:54:08,638] {dagbag.py:507} INFO - Filling up the DagBag from /opt/airflow/dags/sample_dag.py
[2023-04-26 09:54:08,653] {processor.py:651} INFO - DAG(s) dict_keys(['example_email_notification']) retrieved from /opt/airflow/dags/sample_dag.py
[2023-04-26 09:54:08,675] {logging_mixin.py:115} INFO - [2023-04-26 09:54:08,675] {dag.py:2379} INFO - Sync 1 DAGs
[2023-04-26 09:54:08,766] {logging_mixin.py:115} INFO - [2023-04-26 09:54:08,766] {dag.py:2931} INFO - Setting next_dagrun for example_email_notification to 2023-04-26T00:00:00+00:00, run_after=2023-04-27T00:00:00+00:00
[2023-04-26 09:54:08,773] {processor.py:161} INFO - Processing /opt/airflow/dags/sample_dag.py took 0.142 seconds
[2023-04-26 09:54:38,926] {processor.py:153} INFO - Started process (PID=389) to work on /opt/airflow/dags/sample_dag.py
[2023-04-26 09:54:38,928] {processor.py:641} INFO - Processing file /opt/airflow/dags/sample_dag.py for tasks to queue
[2023-04-26 09:54:38,929] {logging_mixin.py:115} INFO - [2023-04-26 09:54:38,929] {dagbag.py:507} INFO - Filling up the DagBag from /opt/airflow/dags/sample_dag.py
[2023-04-26 09:54:38,943] {processor.py:651} INFO - DAG(s) dict_keys(['example_email_notification']) retrieved from /opt/airflow/dags/sample_dag.py
[2023-04-26 09:54:38,969] {logging_mixin.py:115} INFO - [2023-04-26 09:54:38,968] {dag.py:2379} INFO - Sync 1 DAGs
[2023-04-26 09:54:39,138] {logging_mixin.py:115} INFO - [2023-04-26 09:54:39,137] {dag.py:2931} INFO - Setting next_dagrun for example_email_notification to 2023-04-26T00:00:00+00:00, run_after=2023-04-27T00:00:00+00:00
[2023-04-26 09:54:39,145] {processor.py:161} INFO - Processing /opt/airflow/dags/sample_dag.py took 0.223 seconds
[2023-04-26 09:55:09,275] {processor.py:153} INFO - Started process (PID=418) to work on /opt/airflow/dags/sample_dag.py
[2023-04-26 09:55:09,276] {processor.py:641} INFO - Processing file /opt/airflow/dags/sample_dag.py for tasks to queue
[2023-04-26 09:55:09,277] {logging_mixin.py:115} INFO - [2023-04-26 09:55:09,277] {dagbag.py:507} INFO - Filling up the DagBag from /opt/airflow/dags/sample_dag.py
[2023-04-26 09:55:09,284] {processor.py:651} INFO - DAG(s) dict_keys(['example_email_notification']) retrieved from /opt/airflow/dags/sample_dag.py
[2023-04-26 09:55:09,303] {logging_mixin.py:115} INFO - [2023-04-26 09:55:09,303] {dag.py:2379} INFO - Sync 1 DAGs
[2023-04-26 09:55:09,396] {logging_mixin.py:115} INFO - [2023-04-26 09:55:09,396] {dag.py:2931} INFO - Setting next_dagrun for example_email_notification to 2023-04-26T00:00:00+00:00, run_after=2023-04-27T00:00:00+00:00
[2023-04-26 09:55:09,402] {processor.py:161} INFO - Processing /opt/airflow/dags/sample_dag.py took 0.130 seconds
[2023-04-26 09:55:39,577] {processor.py:153} INFO - Started process (PID=438) to work on /opt/airflow/dags/sample_dag.py
[2023-04-26 09:55:39,580] {processor.py:641} INFO - Processing file /opt/airflow/dags/sample_dag.py for tasks to queue
[2023-04-26 09:55:39,582] {logging_mixin.py:115} INFO - [2023-04-26 09:55:39,582] {dagbag.py:507} INFO - Filling up the DagBag from /opt/airflow/dags/sample_dag.py
[2023-04-26 09:55:39,599] {processor.py:651} INFO - DAG(s) dict_keys(['example_email_notification']) retrieved from /opt/airflow/dags/sample_dag.py
[2023-04-26 09:55:39,625] {logging_mixin.py:115} INFO - [2023-04-26 09:55:39,625] {dag.py:2379} INFO - Sync 1 DAGs
[2023-04-26 09:55:39,723] {logging_mixin.py:115} INFO - [2023-04-26 09:55:39,723] {dag.py:2931} INFO - Setting next_dagrun for example_email_notification to 2023-04-26T00:00:00+00:00, run_after=2023-04-27T00:00:00+00:00
[2023-04-26 09:55:39,729] {processor.py:161} INFO - Processing /opt/airflow/dags/sample_dag.py took 0.158 seconds
[2023-04-26 09:56:09,953] {processor.py:153} INFO - Started process (PID=467) to work on /opt/airflow/dags/sample_dag.py
[2023-04-26 09:56:09,955] {processor.py:641} INFO - Processing file /opt/airflow/dags/sample_dag.py for tasks to queue
[2023-04-26 09:56:09,957] {logging_mixin.py:115} INFO - [2023-04-26 09:56:09,957] {dagbag.py:507} INFO - Filling up the DagBag from /opt/airflow/dags/sample_dag.py
[2023-04-26 09:56:09,973] {processor.py:651} INFO - DAG(s) dict_keys(['example_email_notification']) retrieved from /opt/airflow/dags/sample_dag.py
[2023-04-26 09:56:09,998] {logging_mixin.py:115} INFO - [2023-04-26 09:56:09,998] {dag.py:2379} INFO - Sync 1 DAGs
[2023-04-26 09:56:10,094] {logging_mixin.py:115} INFO - [2023-04-26 09:56:10,093] {dag.py:2931} INFO - Setting next_dagrun for example_email_notification to 2023-04-26T00:00:00+00:00, run_after=2023-04-27T00:00:00+00:00
[2023-04-26 09:56:10,100] {processor.py:161} INFO - Processing /opt/airflow/dags/sample_dag.py took 0.153 seconds
[2023-04-26 09:56:40,265] {processor.py:153} INFO - Started process (PID=497) to work on /opt/airflow/dags/sample_dag.py
[2023-04-26 09:56:40,267] {processor.py:641} INFO - Processing file /opt/airflow/dags/sample_dag.py for tasks to queue
[2023-04-26 09:56:40,269] {logging_mixin.py:115} INFO - [2023-04-26 09:56:40,269] {dagbag.py:507} INFO - Filling up the DagBag from /opt/airflow/dags/sample_dag.py
[2023-04-26 09:56:40,289] {processor.py:651} INFO - DAG(s) dict_keys(['example_email_notification']) retrieved from /opt/airflow/dags/sample_dag.py
[2023-04-26 09:56:40,316] {logging_mixin.py:115} INFO - [2023-04-26 09:56:40,316] {dag.py:2379} INFO - Sync 1 DAGs
[2023-04-26 09:56:40,434] {logging_mixin.py:115} INFO - [2023-04-26 09:56:40,434] {dag.py:2931} INFO - Setting next_dagrun for example_email_notification to 2023-04-26T00:00:00+00:00, run_after=2023-04-27T00:00:00+00:00
[2023-04-26 09:56:40,441] {processor.py:161} INFO - Processing /opt/airflow/dags/sample_dag.py took 0.186 seconds
[2023-04-26 09:57:10,566] {processor.py:153} INFO - Started process (PID=527) to work on /opt/airflow/dags/sample_dag.py
[2023-04-26 09:57:10,568] {processor.py:641} INFO - Processing file /opt/airflow/dags/sample_dag.py for tasks to queue
[2023-04-26 09:57:10,569] {logging_mixin.py:115} INFO - [2023-04-26 09:57:10,569] {dagbag.py:507} INFO - Filling up the DagBag from /opt/airflow/dags/sample_dag.py
[2023-04-26 09:57:10,581] {processor.py:651} INFO - DAG(s) dict_keys(['example_email_notification']) retrieved from /opt/airflow/dags/sample_dag.py
[2023-04-26 09:57:10,603] {logging_mixin.py:115} INFO - [2023-04-26 09:57:10,603] {dag.py:2379} INFO - Sync 1 DAGs
[2023-04-26 09:57:10,709] {logging_mixin.py:115} INFO - [2023-04-26 09:57:10,709] {dag.py:2931} INFO - Setting next_dagrun for example_email_notification to 2023-04-26T00:00:00+00:00, run_after=2023-04-27T00:00:00+00:00
[2023-04-26 09:57:10,715] {processor.py:161} INFO - Processing /opt/airflow/dags/sample_dag.py took 0.154 seconds
[2023-04-26 11:00:29,733] {processor.py:153} INFO - Started process (PID=538) to work on /opt/airflow/dags/sample_dag.py
[2023-04-26 11:00:29,736] {processor.py:641} INFO - Processing file /opt/airflow/dags/sample_dag.py for tasks to queue
[2023-04-26 11:00:29,739] {logging_mixin.py:115} INFO - [2023-04-26 11:00:29,739] {dagbag.py:507} INFO - Filling up the DagBag from /opt/airflow/dags/sample_dag.py
[2023-04-26 11:00:29,774] {processor.py:651} INFO - DAG(s) dict_keys(['example_email_notification']) retrieved from /opt/airflow/dags/sample_dag.py
[2023-04-26 11:00:29,869] {logging_mixin.py:115} INFO - [2023-04-26 11:00:29,869] {dag.py:2379} INFO - Sync 1 DAGs
[2023-04-26 11:00:30,144] {logging_mixin.py:115} INFO - [2023-04-26 11:00:30,144] {dag.py:2931} INFO - Setting next_dagrun for example_email_notification to 2023-04-26T00:00:00+00:00, run_after=2023-04-27T00:00:00+00:00
[2023-04-26 11:00:30,157] {processor.py:161} INFO - Processing /opt/airflow/dags/sample_dag.py took 0.439 seconds
[2023-04-26 11:01:00,349] {processor.py:153} INFO - Started process (PID=567) to work on /opt/airflow/dags/sample_dag.py
[2023-04-26 11:01:00,351] {processor.py:641} INFO - Processing file /opt/airflow/dags/sample_dag.py for tasks to queue
[2023-04-26 11:01:00,352] {logging_mixin.py:115} INFO - [2023-04-26 11:01:00,352] {dagbag.py:507} INFO - Filling up the DagBag from /opt/airflow/dags/sample_dag.py
[2023-04-26 11:01:00,378] {processor.py:651} INFO - DAG(s) dict_keys(['example_email_notification']) retrieved from /opt/airflow/dags/sample_dag.py
[2023-04-26 11:01:00,412] {logging_mixin.py:115} INFO - [2023-04-26 11:01:00,412] {dag.py:2379} INFO - Sync 1 DAGs
[2023-04-26 11:01:00,592] {logging_mixin.py:115} INFO - [2023-04-26 11:01:00,592] {dag.py:2931} INFO - Setting next_dagrun for example_email_notification to 2023-04-26T00:00:00+00:00, run_after=2023-04-27T00:00:00+00:00
[2023-04-26 11:01:00,601] {processor.py:161} INFO - Processing /opt/airflow/dags/sample_dag.py took 0.256 seconds
[2023-04-26 11:01:30,783] {processor.py:153} INFO - Started process (PID=596) to work on /opt/airflow/dags/sample_dag.py
[2023-04-26 11:01:30,786] {processor.py:641} INFO - Processing file /opt/airflow/dags/sample_dag.py for tasks to queue
[2023-04-26 11:01:30,787] {logging_mixin.py:115} INFO - [2023-04-26 11:01:30,787] {dagbag.py:507} INFO - Filling up the DagBag from /opt/airflow/dags/sample_dag.py
[2023-04-26 11:01:30,807] {processor.py:651} INFO - DAG(s) dict_keys(['example_email_notification']) retrieved from /opt/airflow/dags/sample_dag.py
[2023-04-26 11:01:30,834] {logging_mixin.py:115} INFO - [2023-04-26 11:01:30,834] {dag.py:2379} INFO - Sync 1 DAGs
[2023-04-26 11:01:30,930] {logging_mixin.py:115} INFO - [2023-04-26 11:01:30,930] {dag.py:2931} INFO - Setting next_dagrun for example_email_notification to 2023-04-26T00:00:00+00:00, run_after=2023-04-27T00:00:00+00:00
[2023-04-26 11:01:30,938] {processor.py:161} INFO - Processing /opt/airflow/dags/sample_dag.py took 0.163 seconds
[2023-04-26 11:02:01,103] {processor.py:153} INFO - Started process (PID=625) to work on /opt/airflow/dags/sample_dag.py
[2023-04-26 11:02:01,106] {processor.py:641} INFO - Processing file /opt/airflow/dags/sample_dag.py for tasks to queue
[2023-04-26 11:02:01,107] {logging_mixin.py:115} INFO - [2023-04-26 11:02:01,107] {dagbag.py:507} INFO - Filling up the DagBag from /opt/airflow/dags/sample_dag.py
[2023-04-26 11:02:01,126] {processor.py:651} INFO - DAG(s) dict_keys(['example_email_notification']) retrieved from /opt/airflow/dags/sample_dag.py
[2023-04-26 11:02:01,152] {logging_mixin.py:115} INFO - [2023-04-26 11:02:01,152] {dag.py:2379} INFO - Sync 1 DAGs
[2023-04-26 11:02:01,282] {logging_mixin.py:115} INFO - [2023-04-26 11:02:01,282] {dag.py:2931} INFO - Setting next_dagrun for example_email_notification to 2023-04-26T00:00:00+00:00, run_after=2023-04-27T00:00:00+00:00
[2023-04-26 11:02:01,289] {processor.py:161} INFO - Processing /opt/airflow/dags/sample_dag.py took 0.194 seconds
[2023-04-26 11:02:31,508] {processor.py:153} INFO - Started process (PID=645) to work on /opt/airflow/dags/sample_dag.py
[2023-04-26 11:02:31,511] {processor.py:641} INFO - Processing file /opt/airflow/dags/sample_dag.py for tasks to queue
[2023-04-26 11:02:31,512] {logging_mixin.py:115} INFO - [2023-04-26 11:02:31,512] {dagbag.py:507} INFO - Filling up the DagBag from /opt/airflow/dags/sample_dag.py
[2023-04-26 11:02:31,531] {processor.py:651} INFO - DAG(s) dict_keys(['example_email_notification']) retrieved from /opt/airflow/dags/sample_dag.py
[2023-04-26 11:02:31,557] {logging_mixin.py:115} INFO - [2023-04-26 11:02:31,557] {dag.py:2379} INFO - Sync 1 DAGs
[2023-04-26 11:02:31,656] {logging_mixin.py:115} INFO - [2023-04-26 11:02:31,656] {dag.py:2931} INFO - Setting next_dagrun for example_email_notification to 2023-04-26T00:00:00+00:00, run_after=2023-04-27T00:00:00+00:00
[2023-04-26 11:02:31,663] {processor.py:161} INFO - Processing /opt/airflow/dags/sample_dag.py took 0.161 seconds
[2023-04-26 11:03:01,839] {processor.py:153} INFO - Started process (PID=675) to work on /opt/airflow/dags/sample_dag.py
[2023-04-26 11:03:01,841] {processor.py:641} INFO - Processing file /opt/airflow/dags/sample_dag.py for tasks to queue
[2023-04-26 11:03:01,843] {logging_mixin.py:115} INFO - [2023-04-26 11:03:01,843] {dagbag.py:507} INFO - Filling up the DagBag from /opt/airflow/dags/sample_dag.py
[2023-04-26 11:03:01,882] {processor.py:651} INFO - DAG(s) dict_keys(['example_email_notification']) retrieved from /opt/airflow/dags/sample_dag.py
[2023-04-26 11:03:01,910] {logging_mixin.py:115} INFO - [2023-04-26 11:03:01,910] {dag.py:2379} INFO - Sync 1 DAGs
[2023-04-26 11:03:02,065] {logging_mixin.py:115} INFO - [2023-04-26 11:03:02,065] {dag.py:2931} INFO - Setting next_dagrun for example_email_notification to 2023-04-26T00:00:00+00:00, run_after=2023-04-27T00:00:00+00:00
[2023-04-26 11:03:02,072] {processor.py:161} INFO - Processing /opt/airflow/dags/sample_dag.py took 0.241 seconds
[2023-04-26 11:03:32,227] {processor.py:153} INFO - Started process (PID=704) to work on /opt/airflow/dags/sample_dag.py
[2023-04-26 11:03:32,230] {processor.py:641} INFO - Processing file /opt/airflow/dags/sample_dag.py for tasks to queue
[2023-04-26 11:03:32,231] {logging_mixin.py:115} INFO - [2023-04-26 11:03:32,231] {dagbag.py:507} INFO - Filling up the DagBag from /opt/airflow/dags/sample_dag.py
[2023-04-26 11:03:32,250] {processor.py:651} INFO - DAG(s) dict_keys(['example_email_notification']) retrieved from /opt/airflow/dags/sample_dag.py
[2023-04-26 11:03:32,279] {logging_mixin.py:115} INFO - [2023-04-26 11:03:32,278] {dag.py:2379} INFO - Sync 1 DAGs
[2023-04-26 11:03:32,449] {logging_mixin.py:115} INFO - [2023-04-26 11:03:32,449] {dag.py:2931} INFO - Setting next_dagrun for example_email_notification to 2023-04-26T00:00:00+00:00, run_after=2023-04-27T00:00:00+00:00
[2023-04-26 11:03:32,459] {processor.py:161} INFO - Processing /opt/airflow/dags/sample_dag.py took 0.235 seconds
[2023-04-26 11:04:02,625] {processor.py:153} INFO - Started process (PID=733) to work on /opt/airflow/dags/sample_dag.py
[2023-04-26 11:04:02,627] {processor.py:641} INFO - Processing file /opt/airflow/dags/sample_dag.py for tasks to queue
[2023-04-26 11:04:02,629] {logging_mixin.py:115} INFO - [2023-04-26 11:04:02,628] {dagbag.py:507} INFO - Filling up the DagBag from /opt/airflow/dags/sample_dag.py
[2023-04-26 11:04:02,644] {processor.py:651} INFO - DAG(s) dict_keys(['example_email_notification']) retrieved from /opt/airflow/dags/sample_dag.py
[2023-04-26 11:04:02,670] {logging_mixin.py:115} INFO - [2023-04-26 11:04:02,670] {dag.py:2379} INFO - Sync 1 DAGs
[2023-04-26 11:04:02,765] {logging_mixin.py:115} INFO - [2023-04-26 11:04:02,765] {dag.py:2931} INFO - Setting next_dagrun for example_email_notification to 2023-04-26T00:00:00+00:00, run_after=2023-04-27T00:00:00+00:00
[2023-04-26 11:04:02,771] {processor.py:161} INFO - Processing /opt/airflow/dags/sample_dag.py took 0.153 seconds
[2023-04-26 11:04:32,978] {processor.py:153} INFO - Started process (PID=761) to work on /opt/airflow/dags/sample_dag.py
[2023-04-26 11:04:32,981] {processor.py:641} INFO - Processing file /opt/airflow/dags/sample_dag.py for tasks to queue
[2023-04-26 11:04:32,982] {logging_mixin.py:115} INFO - [2023-04-26 11:04:32,982] {dagbag.py:507} INFO - Filling up the DagBag from /opt/airflow/dags/sample_dag.py
[2023-04-26 11:04:33,020] {processor.py:651} INFO - DAG(s) dict_keys(['example_email_notification']) retrieved from /opt/airflow/dags/sample_dag.py
[2023-04-26 11:04:33,059] {logging_mixin.py:115} INFO - [2023-04-26 11:04:33,059] {dag.py:2379} INFO - Sync 1 DAGs
[2023-04-26 11:04:33,233] {logging_mixin.py:115} INFO - [2023-04-26 11:04:33,233] {dag.py:2931} INFO - Setting next_dagrun for example_email_notification to 2023-04-26T00:00:00+00:00, run_after=2023-04-27T00:00:00+00:00
[2023-04-26 11:04:33,241] {processor.py:161} INFO - Processing /opt/airflow/dags/sample_dag.py took 0.271 seconds
[2023-04-26 11:05:03,433] {processor.py:153} INFO - Started process (PID=782) to work on /opt/airflow/dags/sample_dag.py
[2023-04-26 11:05:03,435] {processor.py:641} INFO - Processing file /opt/airflow/dags/sample_dag.py for tasks to queue
[2023-04-26 11:05:03,436] {logging_mixin.py:115} INFO - [2023-04-26 11:05:03,436] {dagbag.py:507} INFO - Filling up the DagBag from /opt/airflow/dags/sample_dag.py
[2023-04-26 11:05:03,454] {processor.py:651} INFO - DAG(s) dict_keys(['example_email_notification']) retrieved from /opt/airflow/dags/sample_dag.py
[2023-04-26 11:05:03,479] {logging_mixin.py:115} INFO - [2023-04-26 11:05:03,479] {dag.py:2379} INFO - Sync 1 DAGs
[2023-04-26 11:05:03,647] {logging_mixin.py:115} INFO - [2023-04-26 11:05:03,647] {dag.py:2931} INFO - Setting next_dagrun for example_email_notification to 2023-04-26T00:00:00+00:00, run_after=2023-04-27T00:00:00+00:00
[2023-04-26 11:05:03,655] {processor.py:161} INFO - Processing /opt/airflow/dags/sample_dag.py took 0.228 seconds
[2023-04-26 11:05:33,959] {processor.py:153} INFO - Started process (PID=811) to work on /opt/airflow/dags/sample_dag.py
[2023-04-26 11:05:33,961] {processor.py:641} INFO - Processing file /opt/airflow/dags/sample_dag.py for tasks to queue
[2023-04-26 11:05:33,962] {logging_mixin.py:115} INFO - [2023-04-26 11:05:33,962] {dagbag.py:507} INFO - Filling up the DagBag from /opt/airflow/dags/sample_dag.py
[2023-04-26 11:05:33,977] {processor.py:651} INFO - DAG(s) dict_keys(['example_email_notification']) retrieved from /opt/airflow/dags/sample_dag.py
[2023-04-26 11:05:34,005] {logging_mixin.py:115} INFO - [2023-04-26 11:05:34,005] {dag.py:2379} INFO - Sync 1 DAGs
[2023-04-26 11:05:34,179] {logging_mixin.py:115} INFO - [2023-04-26 11:05:34,179] {dag.py:2931} INFO - Setting next_dagrun for example_email_notification to 2023-04-26T00:00:00+00:00, run_after=2023-04-27T00:00:00+00:00
[2023-04-26 11:05:34,190] {processor.py:161} INFO - Processing /opt/airflow/dags/sample_dag.py took 0.238 seconds
[2023-04-26 11:06:04,277] {processor.py:153} INFO - Started process (PID=841) to work on /opt/airflow/dags/sample_dag.py
[2023-04-26 11:06:04,279] {processor.py:641} INFO - Processing file /opt/airflow/dags/sample_dag.py for tasks to queue
[2023-04-26 11:06:04,280] {logging_mixin.py:115} INFO - [2023-04-26 11:06:04,280] {dagbag.py:507} INFO - Filling up the DagBag from /opt/airflow/dags/sample_dag.py
[2023-04-26 11:06:04,295] {processor.py:651} INFO - DAG(s) dict_keys(['example_email_notification']) retrieved from /opt/airflow/dags/sample_dag.py
[2023-04-26 11:06:04,326] {logging_mixin.py:115} INFO - [2023-04-26 11:06:04,326] {dag.py:2379} INFO - Sync 1 DAGs
[2023-04-26 11:06:04,495] {logging_mixin.py:115} INFO - [2023-04-26 11:06:04,495] {dag.py:2931} INFO - Setting next_dagrun for example_email_notification to 2023-04-26T00:00:00+00:00, run_after=2023-04-27T00:00:00+00:00
[2023-04-26 11:06:04,502] {processor.py:161} INFO - Processing /opt/airflow/dags/sample_dag.py took 0.230 seconds
[2023-04-26 11:06:35,490] {processor.py:153} INFO - Started process (PID=871) to work on /opt/airflow/dags/sample_dag.py
[2023-04-26 11:06:35,492] {processor.py:641} INFO - Processing file /opt/airflow/dags/sample_dag.py for tasks to queue
[2023-04-26 11:06:35,493] {logging_mixin.py:115} INFO - [2023-04-26 11:06:35,493] {dagbag.py:507} INFO - Filling up the DagBag from /opt/airflow/dags/sample_dag.py
[2023-04-26 11:06:35,510] {processor.py:651} INFO - DAG(s) dict_keys(['example_email_notification']) retrieved from /opt/airflow/dags/sample_dag.py
[2023-04-26 11:06:35,541] {logging_mixin.py:115} INFO - [2023-04-26 11:06:35,540] {dag.py:2379} INFO - Sync 1 DAGs
[2023-04-26 11:06:35,644] {logging_mixin.py:115} INFO - [2023-04-26 11:06:35,644] {dag.py:2931} INFO - Setting next_dagrun for example_email_notification to 2023-04-26T00:00:00+00:00, run_after=2023-04-27T00:00:00+00:00
[2023-04-26 11:06:35,650] {processor.py:161} INFO - Processing /opt/airflow/dags/sample_dag.py took 0.168 seconds
[2023-04-26 11:07:05,889] {processor.py:153} INFO - Started process (PID=901) to work on /opt/airflow/dags/sample_dag.py
[2023-04-26 11:07:05,891] {processor.py:641} INFO - Processing file /opt/airflow/dags/sample_dag.py for tasks to queue
[2023-04-26 11:07:05,892] {logging_mixin.py:115} INFO - [2023-04-26 11:07:05,892] {dagbag.py:507} INFO - Filling up the DagBag from /opt/airflow/dags/sample_dag.py
[2023-04-26 11:07:05,909] {processor.py:651} INFO - DAG(s) dict_keys(['example_email_notification']) retrieved from /opt/airflow/dags/sample_dag.py
[2023-04-26 11:07:05,936] {logging_mixin.py:115} INFO - [2023-04-26 11:07:05,936] {dag.py:2379} INFO - Sync 1 DAGs
[2023-04-26 11:07:06,043] {logging_mixin.py:115} INFO - [2023-04-26 11:07:06,043] {dag.py:2931} INFO - Setting next_dagrun for example_email_notification to 2023-04-26T00:00:00+00:00, run_after=2023-04-27T00:00:00+00:00
[2023-04-26 11:07:06,049] {processor.py:161} INFO - Processing /opt/airflow/dags/sample_dag.py took 0.167 seconds
[2023-04-26 11:07:36,114] {processor.py:153} INFO - Started process (PID=932) to work on /opt/airflow/dags/sample_dag.py
[2023-04-26 11:07:36,115] {processor.py:641} INFO - Processing file /opt/airflow/dags/sample_dag.py for tasks to queue
[2023-04-26 11:07:36,116] {logging_mixin.py:115} INFO - [2023-04-26 11:07:36,116] {dagbag.py:507} INFO - Filling up the DagBag from /opt/airflow/dags/sample_dag.py
[2023-04-26 11:07:36,125] {processor.py:651} INFO - DAG(s) dict_keys(['example_email_notification']) retrieved from /opt/airflow/dags/sample_dag.py
[2023-04-26 11:07:36,146] {logging_mixin.py:115} INFO - [2023-04-26 11:07:36,146] {dag.py:2379} INFO - Sync 1 DAGs
[2023-04-26 11:07:36,329] {logging_mixin.py:115} INFO - [2023-04-26 11:07:36,329] {dag.py:2931} INFO - Setting next_dagrun for example_email_notification to 2023-04-26T00:00:00+00:00, run_after=2023-04-27T00:00:00+00:00
[2023-04-26 11:07:36,335] {processor.py:161} INFO - Processing /opt/airflow/dags/sample_dag.py took 0.227 seconds
[2023-04-26 11:10:37,796] {processor.py:153} INFO - Started process (PID=34) to work on /opt/airflow/dags/sample_dag.py
[2023-04-26 11:10:37,809] {processor.py:641} INFO - Processing file /opt/airflow/dags/sample_dag.py for tasks to queue
[2023-04-26 11:10:37,819] {logging_mixin.py:115} INFO - [2023-04-26 11:10:37,819] {dagbag.py:507} INFO - Filling up the DagBag from /opt/airflow/dags/sample_dag.py
[2023-04-26 11:10:37,898] {processor.py:651} INFO - DAG(s) dict_keys(['example_email_notification']) retrieved from /opt/airflow/dags/sample_dag.py
[2023-04-26 11:10:38,267] {logging_mixin.py:115} INFO - [2023-04-26 11:10:38,266] {manager.py:508} INFO - Created Permission View: can read on DAG:example_email_notification
[2023-04-26 11:10:38,273] {logging_mixin.py:115} INFO - [2023-04-26 11:10:38,273] {manager.py:508} INFO - Created Permission View: can delete on DAG:example_email_notification
[2023-04-26 11:10:38,284] {logging_mixin.py:115} INFO - [2023-04-26 11:10:38,284] {manager.py:508} INFO - Created Permission View: can edit on DAG:example_email_notification
[2023-04-26 11:10:38,287] {logging_mixin.py:115} INFO - [2023-04-26 11:10:38,287] {dag.py:2379} INFO - Sync 1 DAGs
[2023-04-26 11:10:38,293] {logging_mixin.py:115} INFO - [2023-04-26 11:10:38,293] {dag.py:2398} INFO - Creating ORM DAG for example_email_notification
[2023-04-26 11:10:38,319] {logging_mixin.py:115} INFO - [2023-04-26 11:10:38,319] {dag.py:2931} INFO - Setting next_dagrun for example_email_notification to 2023-04-26T00:00:00+00:00, run_after=2023-04-27T00:00:00+00:00
[2023-04-26 11:10:38,331] {processor.py:161} INFO - Processing /opt/airflow/dags/sample_dag.py took 0.538 seconds
[2023-04-26 11:11:08,498] {processor.py:153} INFO - Started process (PID=64) to work on /opt/airflow/dags/sample_dag.py
[2023-04-26 11:11:08,499] {processor.py:641} INFO - Processing file /opt/airflow/dags/sample_dag.py for tasks to queue
[2023-04-26 11:11:08,500] {logging_mixin.py:115} INFO - [2023-04-26 11:11:08,500] {dagbag.py:507} INFO - Filling up the DagBag from /opt/airflow/dags/sample_dag.py
[2023-04-26 11:11:08,514] {processor.py:651} INFO - DAG(s) dict_keys(['example_email_notification']) retrieved from /opt/airflow/dags/sample_dag.py
[2023-04-26 11:11:08,538] {logging_mixin.py:115} INFO - [2023-04-26 11:11:08,538] {dag.py:2379} INFO - Sync 1 DAGs
[2023-04-26 11:11:08,711] {logging_mixin.py:115} INFO - [2023-04-26 11:11:08,711] {dag.py:2931} INFO - Setting next_dagrun for example_email_notification to 2023-04-26T00:00:00+00:00, run_after=2023-04-27T00:00:00+00:00
[2023-04-26 11:11:08,719] {processor.py:161} INFO - Processing /opt/airflow/dags/sample_dag.py took 0.225 seconds
[2023-04-26 11:11:38,980] {processor.py:153} INFO - Started process (PID=94) to work on /opt/airflow/dags/sample_dag.py
[2023-04-26 11:11:38,981] {processor.py:641} INFO - Processing file /opt/airflow/dags/sample_dag.py for tasks to queue
[2023-04-26 11:11:38,982] {logging_mixin.py:115} INFO - [2023-04-26 11:11:38,982] {dagbag.py:507} INFO - Filling up the DagBag from /opt/airflow/dags/sample_dag.py
[2023-04-26 11:11:38,995] {processor.py:651} INFO - DAG(s) dict_keys(['example_email_notification']) retrieved from /opt/airflow/dags/sample_dag.py
[2023-04-26 11:11:39,019] {logging_mixin.py:115} INFO - [2023-04-26 11:11:39,019] {dag.py:2379} INFO - Sync 1 DAGs
[2023-04-26 11:11:39,129] {logging_mixin.py:115} INFO - [2023-04-26 11:11:39,129] {dag.py:2931} INFO - Setting next_dagrun for example_email_notification to 2023-04-26T00:00:00+00:00, run_after=2023-04-27T00:00:00+00:00
[2023-04-26 11:11:39,137] {processor.py:161} INFO - Processing /opt/airflow/dags/sample_dag.py took 0.162 seconds
[2023-04-26 11:12:09,355] {processor.py:153} INFO - Started process (PID=124) to work on /opt/airflow/dags/sample_dag.py
[2023-04-26 11:12:09,358] {processor.py:641} INFO - Processing file /opt/airflow/dags/sample_dag.py for tasks to queue
[2023-04-26 11:12:09,359] {logging_mixin.py:115} INFO - [2023-04-26 11:12:09,359] {dagbag.py:507} INFO - Filling up the DagBag from /opt/airflow/dags/sample_dag.py
[2023-04-26 11:12:09,392] {processor.py:651} INFO - DAG(s) dict_keys(['example_email_notification']) retrieved from /opt/airflow/dags/sample_dag.py
[2023-04-26 11:12:09,422] {logging_mixin.py:115} INFO - [2023-04-26 11:12:09,422] {dag.py:2379} INFO - Sync 1 DAGs
[2023-04-26 11:12:09,574] {logging_mixin.py:115} INFO - [2023-04-26 11:12:09,574] {dag.py:2931} INFO - Setting next_dagrun for example_email_notification to 2023-04-26T00:00:00+00:00, run_after=2023-04-27T00:00:00+00:00
[2023-04-26 11:12:09,581] {processor.py:161} INFO - Processing /opt/airflow/dags/sample_dag.py took 0.230 seconds
[2023-04-26 11:12:39,755] {processor.py:153} INFO - Started process (PID=151) to work on /opt/airflow/dags/sample_dag.py
[2023-04-26 11:12:39,756] {processor.py:641} INFO - Processing file /opt/airflow/dags/sample_dag.py for tasks to queue
[2023-04-26 11:12:39,757] {logging_mixin.py:115} INFO - [2023-04-26 11:12:39,757] {dagbag.py:507} INFO - Filling up the DagBag from /opt/airflow/dags/sample_dag.py
[2023-04-26 11:12:39,771] {processor.py:651} INFO - DAG(s) dict_keys(['example_email_notification']) retrieved from /opt/airflow/dags/sample_dag.py
[2023-04-26 11:12:39,799] {logging_mixin.py:115} INFO - [2023-04-26 11:12:39,799] {dag.py:2379} INFO - Sync 1 DAGs
[2023-04-26 11:12:39,963] {logging_mixin.py:115} INFO - [2023-04-26 11:12:39,963] {dag.py:2931} INFO - Setting next_dagrun for example_email_notification to 2023-04-26T00:00:00+00:00, run_after=2023-04-27T00:00:00+00:00
[2023-04-26 11:12:39,972] {processor.py:161} INFO - Processing /opt/airflow/dags/sample_dag.py took 0.220 seconds
[2023-04-26 11:13:10,157] {processor.py:153} INFO - Started process (PID=173) to work on /opt/airflow/dags/sample_dag.py
[2023-04-26 11:13:10,159] {processor.py:641} INFO - Processing file /opt/airflow/dags/sample_dag.py for tasks to queue
[2023-04-26 11:13:10,161] {logging_mixin.py:115} INFO - [2023-04-26 11:13:10,161] {dagbag.py:507} INFO - Filling up the DagBag from /opt/airflow/dags/sample_dag.py
[2023-04-26 11:13:10,192] {processor.py:651} INFO - DAG(s) dict_keys(['example_email_notification']) retrieved from /opt/airflow/dags/sample_dag.py
[2023-04-26 11:13:10,217] {logging_mixin.py:115} INFO - [2023-04-26 11:13:10,217] {dag.py:2379} INFO - Sync 1 DAGs
[2023-04-26 11:13:10,388] {logging_mixin.py:115} INFO - [2023-04-26 11:13:10,388] {dag.py:2931} INFO - Setting next_dagrun for example_email_notification to 2023-04-26T00:00:00+00:00, run_after=2023-04-27T00:00:00+00:00
[2023-04-26 11:13:10,395] {processor.py:161} INFO - Processing /opt/airflow/dags/sample_dag.py took 0.244 seconds
[2023-04-26 11:13:40,596] {processor.py:153} INFO - Started process (PID=204) to work on /opt/airflow/dags/sample_dag.py
[2023-04-26 11:13:40,597] {processor.py:641} INFO - Processing file /opt/airflow/dags/sample_dag.py for tasks to queue
[2023-04-26 11:13:40,598] {logging_mixin.py:115} INFO - [2023-04-26 11:13:40,598] {dagbag.py:507} INFO - Filling up the DagBag from /opt/airflow/dags/sample_dag.py
[2023-04-26 11:13:40,611] {processor.py:651} INFO - DAG(s) dict_keys(['example_email_notification']) retrieved from /opt/airflow/dags/sample_dag.py
[2023-04-26 11:13:40,634] {logging_mixin.py:115} INFO - [2023-04-26 11:13:40,634] {dag.py:2379} INFO - Sync 1 DAGs
[2023-04-26 11:13:40,729] {logging_mixin.py:115} INFO - [2023-04-26 11:13:40,729] {dag.py:2931} INFO - Setting next_dagrun for example_email_notification to 2023-04-26T00:00:00+00:00, run_after=2023-04-27T00:00:00+00:00
[2023-04-26 11:13:40,735] {processor.py:161} INFO - Processing /opt/airflow/dags/sample_dag.py took 0.145 seconds
[2023-04-26 11:14:10,945] {processor.py:153} INFO - Started process (PID=233) to work on /opt/airflow/dags/sample_dag.py
[2023-04-26 11:14:10,947] {processor.py:641} INFO - Processing file /opt/airflow/dags/sample_dag.py for tasks to queue
[2023-04-26 11:14:10,948] {logging_mixin.py:115} INFO - [2023-04-26 11:14:10,948] {dagbag.py:507} INFO - Filling up the DagBag from /opt/airflow/dags/sample_dag.py
[2023-04-26 11:14:10,962] {processor.py:651} INFO - DAG(s) dict_keys(['example_email_notification']) retrieved from /opt/airflow/dags/sample_dag.py
[2023-04-26 11:14:10,987] {logging_mixin.py:115} INFO - [2023-04-26 11:14:10,987] {dag.py:2379} INFO - Sync 1 DAGs
[2023-04-26 11:14:11,095] {logging_mixin.py:115} INFO - [2023-04-26 11:14:11,094] {dag.py:2931} INFO - Setting next_dagrun for example_email_notification to 2023-04-26T00:00:00+00:00, run_after=2023-04-27T00:00:00+00:00
[2023-04-26 11:14:11,104] {processor.py:161} INFO - Processing /opt/airflow/dags/sample_dag.py took 0.165 seconds
[2023-04-26 11:14:41,324] {processor.py:153} INFO - Started process (PID=263) to work on /opt/airflow/dags/sample_dag.py
[2023-04-26 11:14:41,326] {processor.py:641} INFO - Processing file /opt/airflow/dags/sample_dag.py for tasks to queue
[2023-04-26 11:14:41,328] {logging_mixin.py:115} INFO - [2023-04-26 11:14:41,327] {dagbag.py:507} INFO - Filling up the DagBag from /opt/airflow/dags/sample_dag.py
[2023-04-26 11:14:41,342] {processor.py:651} INFO - DAG(s) dict_keys(['example_email_notification']) retrieved from /opt/airflow/dags/sample_dag.py
[2023-04-26 11:14:41,369] {logging_mixin.py:115} INFO - [2023-04-26 11:14:41,369] {dag.py:2379} INFO - Sync 1 DAGs
[2023-04-26 11:14:41,540] {logging_mixin.py:115} INFO - [2023-04-26 11:14:41,539] {dag.py:2931} INFO - Setting next_dagrun for example_email_notification to 2023-04-26T00:00:00+00:00, run_after=2023-04-27T00:00:00+00:00
[2023-04-26 11:14:41,547] {processor.py:161} INFO - Processing /opt/airflow/dags/sample_dag.py took 0.231 seconds
