[2023-04-26 09:16:51,313] {taskinstance.py:1159} INFO - Dependencies all met for <TaskInstance: postgresoperator_demo.get_all_employees manual__2023-04-26T09:16:48.022263+00:00 [queued]>
[2023-04-26 09:16:51,319] {taskinstance.py:1159} INFO - Dependencies all met for <TaskInstance: postgresoperator_demo.get_all_employees manual__2023-04-26T09:16:48.022263+00:00 [queued]>
[2023-04-26 09:16:51,320] {taskinstance.py:1356} INFO - 
--------------------------------------------------------------------------------
[2023-04-26 09:16:51,321] {taskinstance.py:1357} INFO - Starting attempt 1 of 1
[2023-04-26 09:16:51,321] {taskinstance.py:1358} INFO - 
--------------------------------------------------------------------------------
[2023-04-26 09:16:51,331] {taskinstance.py:1377} INFO - Executing <Task(PostgresOperator): get_all_employees> on 2023-04-26 09:16:48.022263+00:00
[2023-04-26 09:16:51,335] {standard_task_runner.py:52} INFO - Started process 7130 to run task
[2023-04-26 09:16:51,338] {standard_task_runner.py:79} INFO - Running: ['***', 'tasks', 'run', 'postgresoperator_demo', 'get_all_employees', 'manual__2023-04-26T09:16:48.022263+00:00', '--job-id', '13', '--raw', '--subdir', 'DAGS_FOLDER/psql_integration.py', '--cfg-path', '/tmp/tmpqz5snnry', '--error-file', '/tmp/tmp_rdtw31t']
[2023-04-26 09:16:51,339] {standard_task_runner.py:80} INFO - Job 13: Subtask get_all_employees
[2023-04-26 09:16:51,391] {task_command.py:370} INFO - Running <TaskInstance: postgresoperator_demo.get_all_employees manual__2023-04-26T09:16:48.022263+00:00 [running]> on host 0d24b0dba33e
[2023-04-26 09:16:51,451] {taskinstance.py:1571} INFO - Exporting the following env vars:
AIRFLOW_CTX_DAG_OWNER=***
AIRFLOW_CTX_DAG_ID=postgresoperator_demo
AIRFLOW_CTX_TASK_ID=get_all_employees
AIRFLOW_CTX_EXECUTION_DATE=2023-04-26T09:16:48.022263+00:00
AIRFLOW_CTX_TRY_NUMBER=1
AIRFLOW_CTX_DAG_RUN_ID=manual__2023-04-26T09:16:48.022263+00:00
[2023-04-26 09:16:51,460] {base.py:68} INFO - Using connection ID 'postgres_local' for task execution.
[2023-04-26 09:16:51,465] {dbapi.py:213} INFO - Running statement: SELECT * FROM employee;, parameters: None
[2023-04-26 09:16:51,467] {dbapi.py:221} INFO - Rows affected: 2
[2023-04-26 09:16:51,479] {taskinstance.py:1400} INFO - Marking task as SUCCESS. dag_id=postgresoperator_demo, task_id=get_all_employees, execution_date=20230426T091648, start_date=20230426T091651, end_date=20230426T091651
[2023-04-26 09:16:51,511] {local_task_job.py:156} INFO - Task exited with return code 0
[2023-04-26 09:16:51,558] {local_task_job.py:273} INFO - 0 downstream tasks scheduled from follow-on schedule check
