[2023-04-26 09:16:49,072] {taskinstance.py:1159} INFO - Dependencies all met for <TaskInstance: postgresoperator_demo.create_employee_table manual__2023-04-26T09:16:48.022263+00:00 [queued]>
[2023-04-26 09:16:49,079] {taskinstance.py:1159} INFO - Dependencies all met for <TaskInstance: postgresoperator_demo.create_employee_table manual__2023-04-26T09:16:48.022263+00:00 [queued]>
[2023-04-26 09:16:49,080] {taskinstance.py:1356} INFO - 
--------------------------------------------------------------------------------
[2023-04-26 09:16:49,080] {taskinstance.py:1357} INFO - Starting attempt 1 of 1
[2023-04-26 09:16:49,080] {taskinstance.py:1358} INFO - 
--------------------------------------------------------------------------------
[2023-04-26 09:16:49,088] {taskinstance.py:1377} INFO - Executing <Task(PostgresOperator): create_employee_table> on 2023-04-26 09:16:48.022263+00:00
[2023-04-26 09:16:49,094] {standard_task_runner.py:52} INFO - Started process 7126 to run task
[2023-04-26 09:16:49,097] {standard_task_runner.py:79} INFO - Running: ['***', 'tasks', 'run', 'postgresoperator_demo', 'create_employee_table', 'manual__2023-04-26T09:16:48.022263+00:00', '--job-id', '11', '--raw', '--subdir', 'DAGS_FOLDER/psql_integration.py', '--cfg-path', '/tmp/tmpyrlncle4', '--error-file', '/tmp/tmpv530tcq4']
[2023-04-26 09:16:49,098] {standard_task_runner.py:80} INFO - Job 11: Subtask create_employee_table
[2023-04-26 09:16:49,138] {task_command.py:370} INFO - Running <TaskInstance: postgresoperator_demo.create_employee_table manual__2023-04-26T09:16:48.022263+00:00 [running]> on host 0d24b0dba33e
[2023-04-26 09:16:49,185] {taskinstance.py:1571} INFO - Exporting the following env vars:
AIRFLOW_CTX_DAG_OWNER=***
AIRFLOW_CTX_DAG_ID=postgresoperator_demo
AIRFLOW_CTX_TASK_ID=create_employee_table
AIRFLOW_CTX_EXECUTION_DATE=2023-04-26T09:16:48.022263+00:00
AIRFLOW_CTX_TRY_NUMBER=1
AIRFLOW_CTX_DAG_RUN_ID=manual__2023-04-26T09:16:48.022263+00:00
[2023-04-26 09:16:49,193] {base.py:68} INFO - Using connection ID 'postgres_local' for task execution.
[2023-04-26 09:16:49,198] {dbapi.py:213} INFO - Running statement: --create table
CREATE TABLE employee (
    emp_id 	INT PRIMARY KEY,
    first_name VARCHAR(50) NOT NULL,
    last_name VARCHAR(50) NOT NULL,
    gender CHAR(1),
    birthdate DATE,
    email VARCHAR(100) UNIQUE,
    salary INT
);


, parameters: None
[2023-04-26 09:16:49,213] {taskinstance.py:1400} INFO - Marking task as SUCCESS. dag_id=postgresoperator_demo, task_id=create_employee_table, execution_date=20230426T091648, start_date=20230426T091649, end_date=20230426T091649
[2023-04-26 09:16:49,230] {local_task_job.py:156} INFO - Task exited with return code 0
[2023-04-26 09:16:49,257] {local_task_job.py:273} INFO - 1 downstream tasks scheduled from follow-on schedule check
